{"level":"info","message":"🚀 Program executed \u001b[3m\u001b[34mporovsbaron.PoroVsBaron\u001b[39m\u001b[23m on \u001b[3m\u001b[34mc:\\Users\\Cris Ramirez\\Desktop\\Tp Final\\TPGameIntegrador-code-carry\u001b[39m\u001b[23m","ok":true,"timeElapsed":1206,"timestamp":"2025-07-02T02:04:59.934Z"}
{"exitCode":"SIGHUP","level":"info","message":"👾 Game executed porovsbaron.PoroVsBaron on c:\\Users\\Cris Ramirez\\Desktop\\Tp Final\\TPGameIntegrador-code-carry","timeElapsed":273507,"timestamp":"2025-07-02T02:09:32.241Z"}
{"level":"info","message":"🚀 Program executed \u001b[3m\u001b[34mporovsbaron.PoroVsBaron\u001b[39m\u001b[23m on \u001b[3m\u001b[34mc:\\Users\\Cris Ramirez\\Desktop\\Tp Final\\TPGameIntegrador-code-carry\u001b[39m\u001b[23m","ok":true,"timeElapsed":987,"timestamp":"2025-07-02T02:09:36.315Z"}
{"exitCode":"SIGHUP","level":"info","message":"👾 Game executed porovsbaron.PoroVsBaron on c:\\Users\\Cris Ramirez\\Desktop\\Tp Final\\TPGameIntegrador-code-carry","timeElapsed":1537455,"timestamp":"2025-07-02T02:35:12.786Z"}
{"level":"info","message":"🚀 Program executed \u001b[3m\u001b[34mporovsbaron.PoroVsBaron\u001b[39m\u001b[23m on \u001b[3m\u001b[34mc:\\Users\\Cris Ramirez\\Desktop\\Tp Final\\TPGameIntegrador-code-carry\u001b[39m\u001b[23m","ok":true,"timeElapsed":989,"timestamp":"2025-07-02T02:35:17.049Z"}
{"exitCode":"SIGHUP","level":"info","message":"👾 Game executed porovsbaron.PoroVsBaron on c:\\Users\\Cris Ramirez\\Desktop\\Tp Final\\TPGameIntegrador-code-carry","timeElapsed":397426,"timestamp":"2025-07-02T02:41:53.486Z"}
{"level":"info","message":"🚀 Program executed \u001b[3m\u001b[34mporovsbaron.PoroVsBaron\u001b[39m\u001b[23m on \u001b[3m\u001b[34mc:\\Users\\Cris Ramirez\\Desktop\\Tp Final\\TPGameIntegrador-code-carry\u001b[39m\u001b[23m","ok":true,"timeElapsed":1001,"timestamp":"2025-07-02T02:41:57.152Z"}
{"exitCode":0,"level":"info","message":"👾 Game executed porovsbaron.PoroVsBaron on c:\\Users\\Cris Ramirez\\Desktop\\Tp Final\\TPGameIntegrador-code-carry","timeElapsed":5254,"timestamp":"2025-07-02T02:42:01.405Z"}
{"level":"info","message":"🚀 Program executed \u001b[3m\u001b[34mporovsbaron.PoroVsBaron\u001b[39m\u001b[23m on \u001b[3m\u001b[34mc:\\Users\\Cris Ramirez\\Desktop\\Tp Final\\TPGameIntegrador-code-carry\u001b[39m\u001b[23m","ok":true,"timeElapsed":1073,"timestamp":"2025-07-02T02:42:21.592Z"}
{"exitCode":"SIGHUP","level":"info","message":"👾 Game executed porovsbaron.PoroVsBaron on c:\\Users\\Cris Ramirez\\Desktop\\Tp Final\\TPGameIntegrador-code-carry","timeElapsed":51021,"timestamp":"2025-07-02T02:43:11.538Z"}
{"level":"info","message":"🚀 Program executed \u001b[3m\u001b[34mporovsbaron.PoroVsBaron\u001b[39m\u001b[23m on \u001b[3m\u001b[34mc:\\Users\\Cris Ramirez\\Desktop\\Tp Final\\TPGameIntegrador-code-carry\u001b[39m\u001b[23m","ok":true,"timeElapsed":1129,"timestamp":"2025-07-02T02:43:15.242Z"}
{"exitCode":"SIGHUP","level":"info","message":"👾 Game executed porovsbaron.PoroVsBaron on c:\\Users\\Cris Ramirez\\Desktop\\Tp Final\\TPGameIntegrador-code-carry","timeElapsed":74464,"timestamp":"2025-07-02T02:44:28.576Z"}
{"level":"info","message":"🚀 Program executed \u001b[3m\u001b[34mporovsbaron.PoroVsBaron\u001b[39m\u001b[23m on \u001b[3m\u001b[34mc:\\Users\\Cris Ramirez\\Desktop\\Tp Final\\TPGameIntegrador-code-carry\u001b[39m\u001b[23m","ok":true,"timeElapsed":1117,"timestamp":"2025-07-02T02:44:31.992Z"}
{"exitCode":"SIGHUP","level":"info","message":"👾 Game executed porovsbaron.PoroVsBaron on c:\\Users\\Cris Ramirez\\Desktop\\Tp Final\\TPGameIntegrador-code-carry","timeElapsed":58372,"timestamp":"2025-07-02T02:45:29.245Z"}
{"level":"info","message":"🚀 Program executed \u001b[3m\u001b[34mporovsbaron.PoroVsBaron\u001b[39m\u001b[23m on \u001b[3m\u001b[34mc:\\Users\\Cris Ramirez\\Desktop\\Tp Final\\TPGameIntegrador-code-carry\u001b[39m\u001b[23m","ok":true,"timeElapsed":957,"timestamp":"2025-07-02T02:45:33.104Z"}
{"exitCode":"SIGHUP","level":"info","message":"👾 Game executed porovsbaron.PoroVsBaron on c:\\Users\\Cris Ramirez\\Desktop\\Tp Final\\TPGameIntegrador-code-carry","timeElapsed":60937,"timestamp":"2025-07-02T02:46:33.083Z"}
{"level":"info","message":"🚀 Program executed \u001b[3m\u001b[34mporovsbaron.PoroVsBaron\u001b[39m\u001b[23m on \u001b[3m\u001b[34mc:\\Users\\Cris Ramirez\\Desktop\\Tp Final\\TPGameIntegrador-code-carry\u001b[39m\u001b[23m","ok":true,"timeElapsed":1094,"timestamp":"2025-07-02T02:46:36.634Z"}
{"exitCode":"SIGHUP","level":"info","message":"👾 Game executed porovsbaron.PoroVsBaron on c:\\Users\\Cris Ramirez\\Desktop\\Tp Final\\TPGameIntegrador-code-carry","timeElapsed":56235,"timestamp":"2025-07-02T02:47:31.773Z"}
{"level":"info","message":"🚀 Program executed \u001b[3m\u001b[34mporovsbaron.PoroVsBaron\u001b[39m\u001b[23m on \u001b[3m\u001b[34mc:\\Users\\Cris Ramirez\\Desktop\\Tp Final\\TPGameIntegrador-code-carry\u001b[39m\u001b[23m","ok":true,"timeElapsed":1039,"timestamp":"2025-07-02T02:47:35.206Z"}
{"exitCode":"SIGHUP","level":"info","message":"👾 Game executed porovsbaron.PoroVsBaron on c:\\Users\\Cris Ramirez\\Desktop\\Tp Final\\TPGameIntegrador-code-carry","timeElapsed":93926,"timestamp":"2025-07-02T02:49:08.091Z"}
{"level":"info","message":"🚀 Program executed \u001b[3m\u001b[34mporovsbaron.PoroVsBaron\u001b[39m\u001b[23m on \u001b[3m\u001b[34mc:\\Users\\Cris Ramirez\\Desktop\\Tp Final\\TPGameIntegrador-code-carry\u001b[39m\u001b[23m","ok":true,"timeElapsed":987,"timestamp":"2025-07-02T02:49:11.323Z"}
{"exitCode":"SIGHUP","level":"info","message":"👾 Game executed porovsbaron.PoroVsBaron on c:\\Users\\Cris Ramirez\\Desktop\\Tp Final\\TPGameIntegrador-code-carry","timeElapsed":133036,"timestamp":"2025-07-02T02:51:23.370Z"}
{"level":"info","message":"🚀 Program executed \u001b[3m\u001b[34mporovsbaron.PoroVsBaron\u001b[39m\u001b[23m on \u001b[3m\u001b[34mc:\\Users\\Cris Ramirez\\Desktop\\Tp Final\\TPGameIntegrador-code-carry\u001b[39m\u001b[23m","ok":true,"timeElapsed":991,"timestamp":"2025-07-02T02:51:26.846Z"}
{"exitCode":"SIGHUP","level":"info","message":"👾 Game executed porovsbaron.PoroVsBaron on c:\\Users\\Cris Ramirez\\Desktop\\Tp Final\\TPGameIntegrador-code-carry","timeElapsed":30248,"timestamp":"2025-07-02T02:51:56.102Z"}
{"level":"info","message":"🚀 Program executed \u001b[3m\u001b[34mporovsbaron.PoroVsBaron\u001b[39m\u001b[23m on \u001b[3m\u001b[34mc:\\Users\\Cris Ramirez\\Desktop\\Tp Final\\TPGameIntegrador-code-carry\u001b[39m\u001b[23m","ok":true,"timeElapsed":1017,"timestamp":"2025-07-02T02:51:59.614Z"}
{"exitCode":"SIGHUP","level":"info","message":"👾 Game executed porovsbaron.PoroVsBaron on c:\\Users\\Cris Ramirez\\Desktop\\Tp Final\\TPGameIntegrador-code-carry","timeElapsed":172110,"timestamp":"2025-07-02T02:54:50.710Z"}
{"level":"info","message":"🚀 Program executed \u001b[3m\u001b[34mporovsbaron.PoroVsBaron\u001b[39m\u001b[23m on \u001b[3m\u001b[34mc:\\Users\\Cris Ramirez\\Desktop\\Tp Final\\TPGameIntegrador-code-carry\u001b[39m\u001b[23m","ok":true,"timeElapsed":1818,"timestamp":"2025-07-02T02:54:55.244Z"}
{"exitCode":"SIGHUP","level":"info","message":"👾 Game executed porovsbaron.PoroVsBaron on c:\\Users\\Cris Ramirez\\Desktop\\Tp Final\\TPGameIntegrador-code-carry","timeElapsed":1445915,"timestamp":"2025-07-02T03:18:59.340Z"}
{"level":"info","message":"🚀 Program executed \u001b[3m\u001b[34mporovsbaron.PoroVsBaron\u001b[39m\u001b[23m on \u001b[3m\u001b[34mc:\\Users\\Cris Ramirez\\Desktop\\Tp Final\\TPGameIntegrador-code-carry\u001b[39m\u001b[23m","ok":true,"timeElapsed":735,"timestamp":"2025-07-02T03:19:01.746Z"}
{"exitCode":"SIGHUP","level":"info","message":"👾 Game executed porovsbaron.PoroVsBaron on c:\\Users\\Cris Ramirez\\Desktop\\Tp Final\\TPGameIntegrador-code-carry","timeElapsed":716557,"timestamp":"2025-07-02T03:30:57.568Z"}
{"level":"info","message":"🚀 Program executed \u001b[3m\u001b[34mporovsbaron.PoroVsBaron\u001b[39m\u001b[23m on \u001b[3m\u001b[34mc:\\Users\\Cris Ramirez\\Desktop\\Tp Final\\TPGameIntegrador-code-carry\u001b[39m\u001b[23m","ok":true,"timeElapsed":1002,"timestamp":"2025-07-02T03:31:01.435Z"}
{"exitCode":"SIGHUP","level":"info","message":"👾 Game executed porovsbaron.PoroVsBaron on c:\\Users\\Cris Ramirez\\Desktop\\Tp Final\\TPGameIntegrador-code-carry","timeElapsed":36410,"timestamp":"2025-07-02T03:31:36.841Z"}
{"level":"info","message":"🚀 Program executed \u001b[3m\u001b[34mporovsbaron.PoroVsBaron\u001b[39m\u001b[23m on \u001b[3m\u001b[34mc:\\Users\\Cris Ramirez\\Desktop\\Tp Final\\TPGameIntegrador-code-carry\u001b[39m\u001b[23m","ok":true,"timeElapsed":1012,"timestamp":"2025-07-02T03:31:40.762Z"}
{"exitCode":"SIGHUP","level":"info","message":"👾 Game executed porovsbaron.PoroVsBaron on c:\\Users\\Cris Ramirez\\Desktop\\Tp Final\\TPGameIntegrador-code-carry","timeElapsed":81294,"timestamp":"2025-07-02T03:33:01.043Z"}
{"level":"info","message":"🚀 Program executed \u001b[3m\u001b[34mporovsbaron.PoroVsBaron\u001b[39m\u001b[23m on \u001b[3m\u001b[34mc:\\Users\\Cris Ramirez\\Desktop\\Tp Final\\TPGameIntegrador-code-carry\u001b[39m\u001b[23m","ok":true,"timeElapsed":1140,"timestamp":"2025-07-02T03:33:04.589Z"}
{"exitCode":"SIGHUP","level":"info","message":"👾 Game executed porovsbaron.PoroVsBaron on c:\\Users\\Cris Ramirez\\Desktop\\Tp Final\\TPGameIntegrador-code-carry","timeElapsed":34721,"timestamp":"2025-07-02T03:33:38.168Z"}
{"level":"info","message":"🚀 Program executed \u001b[3m\u001b[34mporovsbaron.PoroVsBaron\u001b[39m\u001b[23m on \u001b[3m\u001b[34mc:\\Users\\Cris Ramirez\\Desktop\\Tp Final\\TPGameIntegrador-code-carry\u001b[39m\u001b[23m","ok":true,"timeElapsed":1374,"timestamp":"2025-07-02T03:33:41.795Z"}
{"exitCode":"SIGHUP","level":"info","message":"👾 Game executed porovsbaron.PoroVsBaron on c:\\Users\\Cris Ramirez\\Desktop\\Tp Final\\TPGameIntegrador-code-carry","timeElapsed":224384,"timestamp":"2025-07-02T03:37:24.802Z"}
{"level":"info","message":"🚀 Program executed \u001b[3m\u001b[34mporovsbaron.PoroVsBaron\u001b[39m\u001b[23m on \u001b[3m\u001b[34mc:\\Users\\Cris Ramirez\\Desktop\\Tp Final\\TPGameIntegrador-code-carry\u001b[39m\u001b[23m","ok":true,"timeElapsed":996,"timestamp":"2025-07-02T03:37:28.191Z"}
{"exitCode":"SIGHUP","level":"info","message":"👾 Game executed porovsbaron.PoroVsBaron on c:\\Users\\Cris Ramirez\\Desktop\\Tp Final\\TPGameIntegrador-code-carry","timeElapsed":304854,"timestamp":"2025-07-02T03:42:32.048Z"}
{"level":"info","message":"🚀 Program executed \u001b[3m\u001b[34mporovsbaron.PoroVsBaron\u001b[39m\u001b[23m on \u001b[3m\u001b[34mc:\\Users\\Cris Ramirez\\Desktop\\Tp Final\\TPGameIntegrador-code-carry\u001b[39m\u001b[23m","ok":true,"timeElapsed":958,"timestamp":"2025-07-02T03:42:36.941Z"}
{"exitCode":"SIGHUP","level":"info","message":"👾 Game executed porovsbaron.PoroVsBaron on c:\\Users\\Cris Ramirez\\Desktop\\Tp Final\\TPGameIntegrador-code-carry","timeElapsed":185589,"timestamp":"2025-07-02T03:45:41.573Z"}
{"level":"info","message":"🚀 Program executed \u001b[3m\u001b[34mporovsbaron.PoroVsBaron\u001b[39m\u001b[23m on \u001b[3m\u001b[34mc:\\Users\\Cris Ramirez\\Desktop\\Tp Final\\TPGameIntegrador-code-carry\u001b[39m\u001b[23m","ok":true,"timeElapsed":1039,"timestamp":"2025-07-02T03:45:45.252Z"}
{"exitCode":0,"level":"info","message":"👾 Game executed porovsbaron.PoroVsBaron on c:\\Users\\Cris Ramirez\\Desktop\\Tp Final\\TPGameIntegrador-code-carry","timeElapsed":10240,"timestamp":"2025-07-02T03:45:54.451Z"}
{"level":"info","message":"🚀 Program executed \u001b[3m\u001b[34mporovsbaron.PoroVsBaron\u001b[39m\u001b[23m on \u001b[3m\u001b[34mc:\\Users\\Cris Ramirez\\Desktop\\Tp Final\\TPGameIntegrador-code-carry\u001b[39m\u001b[23m","ok":true,"timeElapsed":1205,"timestamp":"2025-07-02T03:46:25.218Z"}
{"exitCode":"SIGHUP","level":"info","message":"👾 Game executed porovsbaron.PoroVsBaron on c:\\Users\\Cris Ramirez\\Desktop\\Tp Final\\TPGameIntegrador-code-carry","timeElapsed":590501,"timestamp":"2025-07-02T03:56:14.513Z"}
{"level":"info","message":"🚀 Program executed \u001b[3m\u001b[34mporovsbaron.PoroVsBaron\u001b[39m\u001b[23m on \u001b[3m\u001b[34mc:\\Users\\Cris Ramirez\\Desktop\\Tp Final\\TPGameIntegrador-code-carry\u001b[39m\u001b[23m","ok":true,"timeElapsed":1029,"timestamp":"2025-07-02T03:56:18.279Z"}
{"exitCode":"SIGHUP","level":"info","message":"👾 Game executed porovsbaron.PoroVsBaron on c:\\Users\\Cris Ramirez\\Desktop\\Tp Final\\TPGameIntegrador-code-carry","timeElapsed":34687,"timestamp":"2025-07-02T03:56:51.936Z"}
{"level":"info","message":"🚀 Program executed \u001b[3m\u001b[34mporovsbaron.PoroVsBaron\u001b[39m\u001b[23m on \u001b[3m\u001b[34mc:\\Users\\Cris Ramirez\\Desktop\\Tp Final\\TPGameIntegrador-code-carry\u001b[39m\u001b[23m","ok":true,"timeElapsed":1040,"timestamp":"2025-07-02T03:56:55.716Z"}
{"exitCode":"SIGHUP","level":"info","message":"👾 Game executed porovsbaron.PoroVsBaron on c:\\Users\\Cris Ramirez\\Desktop\\Tp Final\\TPGameIntegrador-code-carry","timeElapsed":37445,"timestamp":"2025-07-02T03:57:32.120Z"}
{"level":"info","message":"🚀 Program executed \u001b[3m\u001b[34mporovsbaron.PoroVsBaron\u001b[39m\u001b[23m on \u001b[3m\u001b[34mc:\\Users\\Cris Ramirez\\Desktop\\Tp Final\\TPGameIntegrador-code-carry\u001b[39m\u001b[23m","ok":true,"timeElapsed":1256,"timestamp":"2025-07-02T03:57:36.810Z"}
{"exitCode":"SIGHUP","level":"info","message":"👾 Game executed porovsbaron.PoroVsBaron on c:\\Users\\Cris Ramirez\\Desktop\\Tp Final\\TPGameIntegrador-code-carry","timeElapsed":356903,"timestamp":"2025-07-02T04:03:32.455Z"}
{"level":"info","message":"🚀 Program executed \u001b[3m\u001b[34mporovsbaron.PoroVsBaron\u001b[39m\u001b[23m on \u001b[3m\u001b[34mc:\\Users\\Cris Ramirez\\Desktop\\Tp Final\\TPGameIntegrador-code-carry\u001b[39m\u001b[23m","ok":true,"timeElapsed":1087,"timestamp":"2025-07-02T04:03:35.704Z"}
{"exitCode":"SIGHUP","level":"info","message":"👾 Game executed porovsbaron.PoroVsBaron on c:\\Users\\Cris Ramirez\\Desktop\\Tp Final\\TPGameIntegrador-code-carry","timeElapsed":79735,"timestamp":"2025-07-02T04:04:54.350Z"}
{"level":"info","message":"⌛ Building environment","timeElapsed":489,"timestamp":"2025-07-02T11:43:59.636Z"}
{"level":"info","message":"⌛ Building environment","timeElapsed":583,"timestamp":"2025-07-02T11:44:00.319Z"}
{"level":"info","message":"⌛ Building environment","timeElapsed":706,"timestamp":"2025-07-02T11:44:01.088Z"}
{"level":"info","message":"⌛ Building environment","timeElapsed":388,"timestamp":"2025-07-02T11:44:01.479Z"}
{"level":"info","message":"⌛ Building environment","timeElapsed":202,"timestamp":"2025-07-02T11:44:01.685Z"}
{"level":"info","message":"⌛ Building environment","timeElapsed":219,"timestamp":"2025-07-02T11:44:01.910Z"}
{"level":"info","message":"⌛ Building environment","timeElapsed":220,"timestamp":"2025-07-02T11:44:02.131Z"}
{"level":"info","message":"⌛ Building environment","timeElapsed":144,"timestamp":"2025-07-02T11:44:02.319Z"}
{"level":"info","message":"⌛ Building environment","timeElapsed":216,"timestamp":"2025-07-02T11:44:02.575Z"}
{"level":"info","message":"⌛ Validating porovsbaron.wpgm","timeElapsed":251,"timestamp":"2025-07-02T11:44:02.828Z"}
{"level":"info","message":"⌛ Building environment","timeElapsed":665,"timestamp":"2025-07-02T11:44:03.559Z"}
{"level":"info","message":"⌛ Building environment","timeElapsed":344,"timestamp":"2025-07-02T11:44:04.027Z"}
{"level":"info","message":"⌛ Building environment","timeElapsed":219,"timestamp":"2025-07-02T11:44:04.248Z"}
{"level":"info","message":"⌛ Building environment","timeElapsed":233,"timestamp":"2025-07-02T11:44:04.484Z"}
{"level":"info","message":"⌛ Validating sonido.wlk","timeElapsed":226,"timestamp":"2025-07-02T11:44:04.754Z"}
{"level":"info","message":"⌛ Validating personaje.wlk","timeElapsed":239,"timestamp":"2025-07-02T11:44:05.004Z"}
{"level":"info","message":"⌛ Validating nivel.wlk","timeElapsed":244,"timestamp":"2025-07-02T11:44:05.267Z"}
{"level":"info","message":"⌛ Validating modelos.wlk","timeElapsed":437,"timestamp":"2025-07-02T11:44:05.714Z"}
{"level":"info","message":"⌛ Validating menu.wlk","timeElapsed":244,"timestamp":"2025-07-02T11:44:05.971Z"}
{"level":"info","message":"⌛ Validating mazo.wlk","timeElapsed":288,"timestamp":"2025-07-02T11:44:06.282Z"}
{"level":"info","message":"⌛ Validating juego.wlk","timeElapsed":281,"timestamp":"2025-07-02T11:44:06.578Z"}
{"level":"info","message":"⌛ Validating porovsbaron.wpgm","timeElapsed":248,"timestamp":"2025-07-02T11:44:06.845Z"}
{"level":"info","message":"⌛ Validating sonido.wlk","timeElapsed":206,"timestamp":"2025-07-02T11:44:07.058Z"}
{"level":"info","message":"⌛ Validating personaje.wlk","timeElapsed":187,"timestamp":"2025-07-02T11:44:07.247Z"}
{"level":"info","message":"⌛ Validating nivel.wlk","timeElapsed":175,"timestamp":"2025-07-02T11:44:07.423Z"}
{"level":"info","message":"⌛ Validating modelos.wlk","timeElapsed":185,"timestamp":"2025-07-02T11:44:07.608Z"}
{"level":"info","message":"⌛ Validating menu.wlk","timeElapsed":178,"timestamp":"2025-07-02T11:44:07.790Z"}
{"level":"info","message":"⌛ Validating mazo.wlk","timeElapsed":166,"timestamp":"2025-07-02T11:44:07.960Z"}
{"level":"info","message":"⌛ Validating juego.wlk","timeElapsed":185,"timestamp":"2025-07-02T11:44:08.148Z"}
{"level":"info","message":"⌛ Validating interfaz.wlk","timeElapsed":265,"timestamp":"2025-07-02T11:44:08.414Z"}
{"level":"info","message":"⌛ Validating estado.wlk","timeElapsed":268,"timestamp":"2025-07-02T11:44:08.683Z"}
{"level":"info","message":"⌛ Validating cartas.wlk","timeElapsed":264,"timestamp":"2025-07-02T11:44:08.961Z"}
{"level":"info","message":"⌛ Building environment","timeElapsed":1060,"timestamp":"2025-07-02T11:44:17.122Z"}
{"level":"info","message":"⌛ Validating porovsbaron.wpgm","timeElapsed":555,"timestamp":"2025-07-02T11:44:17.681Z"}
{"level":"info","message":"⌛ Validating sonido.wlk","timeElapsed":466,"timestamp":"2025-07-02T11:44:18.216Z"}
{"level":"info","message":"⌛ Validating personaje.wlk","timeElapsed":480,"timestamp":"2025-07-02T11:44:18.700Z"}
{"level":"info","message":"⌛ Validating nivel.wlk","timeElapsed":510,"timestamp":"2025-07-02T11:44:19.222Z"}
{"level":"info","message":"⌛ Validating modelos.wlk","timeElapsed":404,"timestamp":"2025-07-02T11:44:19.627Z"}
{"level":"info","message":"⌛ Validating menu.wlk","timeElapsed":301,"timestamp":"2025-07-02T11:44:19.934Z"}
{"level":"info","message":"⌛ Validating mazo.wlk","timeElapsed":533,"timestamp":"2025-07-02T11:44:20.470Z"}
{"level":"info","message":"⌛ Validating juego.wlk","timeElapsed":403,"timestamp":"2025-07-02T11:44:20.874Z"}
{"level":"info","message":"⌛ Validating interfaz.wlk","timeElapsed":369,"timestamp":"2025-07-02T11:44:21.251Z"}
{"level":"info","message":"⌛ Validating estado.wlk","timeElapsed":321,"timestamp":"2025-07-02T11:44:21.575Z"}
{"level":"info","message":"⌛ Validating cartas.wlk","timeElapsed":332,"timestamp":"2025-07-02T11:44:21.908Z"}
{"level":"info","message":"🚀 Program executed \u001b[3m\u001b[34mporovsbaron.PoroVsBaron\u001b[39m\u001b[23m on \u001b[3m\u001b[34mc:\\Users\\leone\\Desktop\\Nueva carpeta\\TPGameIntegrador-code-carry\u001b[39m\u001b[23m","ok":true,"timeElapsed":2496,"timestamp":"2025-07-02T11:44:29.426Z"}
{"errors":{"errors":[null,"INSTRUCCIONES\r\n        - ¡Recupera tus Porogalletas!\r\n        - El juego es por turnos y se juega con cartas (Q/W/E/R/T)\r\n        - Cada carta tiene un cooldown y efecto especial.\r\n        - Peleas en 3 niveles contra: \r\n        1. Larva del Vacio \r\n        2. Heraldo de la Grieta \r\n        3. Baron Nashor.\r\n        - Si ganas los 3 niveles, recuperas tus Porogalletas.\r\n        - Si pierdes, podes reintentar una vez mas el nivel.\r\n        - Si pierdes tus intentos, vuelves al inicio.\r\n\r\n        "]},"level":"error","message":"✘ Failed to get type description: Error: {\n  \"errors\": [\n    null,\n    \"INSTRUCCIONES\\r\\n        - ¡Recupera tus Porogalletas!\\r\\n        - El juego es por turnos y se juega con cartas (Q/W/E/R/T)\\r\\n        - Cada carta tiene un cooldown y efecto especial.\\r\\n        - Peleas en 3 niveles contra: \\r\\n        1. Larva del Vacio \\r\\n        2. Heraldo de la Grieta \\r\\n        3. Baron Nashor.\\r\\n        - Si ganas los 3 niveles, recuperas tus Porogalletas.\\r\\n        - Si pierdes, podes reintentar una vez mas el nivel.\\r\\n        - Si pierdes tus intentos, vuelves al inicio.\\r\\n\\r\\n        \"\n  ]\n} {\n  \"errors\": [\n    null,\n    \"INSTRUCCIONES\\r\\n        - ¡Recupera tus Porogalletas!\\r\\n        - El juego es por turnos y se juega con cartas (Q/W/E/R/T)\\r\\n        - Cada carta tiene un cooldown y efecto especial.\\r\\n        - Peleas en 3 niveles contra: \\r\\n        1. Larva del Vacio \\r\\n        2. Heraldo de la Grieta \\r\\n        3. Baron Nashor.\\r\\n        - Si ganas los 3 niveles, recuperas tus Porogalletas.\\r\\n        - Si pierdes, podes reintentar una vez mas el nivel.\\r\\n        - Si pierdes tus intentos, vuelves al inicio.\\r\\n\\r\\n        \"\n  ]\n}","stack":"Error: {\n  \"errors\": [\n    null,\n    \"INSTRUCCIONES\\r\\n        - ¡Recupera tus Porogalletas!\\r\\n        - El juego es por turnos y se juega con cartas (Q/W/E/R/T)\\r\\n        - Cada carta tiene un cooldown y efecto especial.\\r\\n        - Peleas en 3 niveles contra: \\r\\n        1. Larva del Vacio \\r\\n        2. Heraldo de la Grieta \\r\\n        3. Baron Nashor.\\r\\n        - Si ganas los 3 niveles, recuperas tus Porogalletas.\\r\\n        - Si pierdes, podes reintentar una vez mas el nivel.\\r\\n        - Si pierdes tus intentos, vuelves al inicio.\\r\\n\\r\\n        \"\n  ]\n}\n    at pS (c:\\Users\\leone\\.vscode\\extensions\\uqbar.wollok-lsp-ide-0.5.2\\out\\server\\src\\server.js:64:34609)\n    at G1 (c:\\Users\\leone\\.vscode\\extensions\\uqbar.wollok-lsp-ide-0.5.2\\out\\server\\src\\server.js:64:34682)\n    at c:\\Users\\leone\\.vscode\\extensions\\uqbar.wollok-lsp-ide-0.5.2\\out\\server\\src\\server.js:64:37949\n    at o.v1 (c:\\Users\\leone\\.vscode\\extensions\\uqbar.wollok-lsp-ide-0.5.2\\out\\server\\src\\server.js:57:57694)\n    at c:\\Users\\leone\\.vscode\\extensions\\uqbar.wollok-lsp-ide-0.5.2\\out\\server\\src\\server.js:64:37918\n    at c:\\Users\\leone\\.vscode\\extensions\\uqbar.wollok-lsp-ide-0.5.2\\out\\server\\src\\server.js:57:55723\n    at c:\\Users\\leone\\.vscode\\extensions\\uqbar.wollok-lsp-ide-0.5.2\\out\\server\\src\\server.js:68:7948\n    at c:\\Users\\leone\\.vscode\\extensions\\uqbar.wollok-lsp-ide-0.5.2\\out\\server\\src\\server.js:38:6131\n    at c:\\Users\\leone\\.vscode\\extensions\\uqbar.wollok-lsp-ide-0.5.2\\out\\server\\src\\server.js:68:3664\n    at c:\\Users\\leone\\.vscode\\extensions\\uqbar.wollok-lsp-ide-0.5.2\\out\\server\\src\\server.js:68:5330","timestamp":"2025-07-02T11:46:12.582Z"}
{"level":"info","message":"⌛ Building environment","timeElapsed":987,"timestamp":"2025-07-02T11:47:06.116Z"}
{"level":"info","message":"⌛ Validating personaje.wlk","timeElapsed":694,"timestamp":"2025-07-02T11:47:06.981Z"}
{"level":"info","message":"⌛ Building environment","timeElapsed":513,"timestamp":"2025-07-02T11:47:41.841Z"}
{"level":"info","message":"⌛ Validating porovsbaron.wpgm","timeElapsed":612,"timestamp":"2025-07-02T11:47:42.492Z"}
{"exitCode":"SIGHUP","level":"info","message":"👾 Game executed porovsbaron.PoroVsBaron on c:\\Users\\leone\\Desktop\\Nueva carpeta\\TPGameIntegrador-code-carry","timeElapsed":196786,"timestamp":"2025-07-02T11:47:43.692Z"}
{"level":"info","message":"🚀 Program executed \u001b[3m\u001b[34mporovsbaron.PoroVsBaron\u001b[39m\u001b[23m on \u001b[3m\u001b[34mc:\\Users\\leone\\Desktop\\Nueva carpeta\\TPGameIntegrador-code-carry\u001b[39m\u001b[23m","ok":true,"timeElapsed":2227,"timestamp":"2025-07-02T11:47:53.192Z"}
{"level":"info","message":"⌛ Building environment","timeElapsed":2202,"timestamp":"2025-07-02T11:48:32.754Z"}
{"level":"info","message":"⌛ Validating personaje.wlk","timeElapsed":1699,"timestamp":"2025-07-02T11:48:34.966Z"}
{"level":"info","message":"⌛ Building environment","timeElapsed":843,"timestamp":"2025-07-02T11:48:59.855Z"}
{"level":"info","message":"⌛ Validating cartas.wlk","timeElapsed":1082,"timestamp":"2025-07-02T11:49:01.001Z"}
{"level":"info","message":"⌛ Building environment","timeElapsed":375,"timestamp":"2025-07-02T11:49:11.591Z"}
{"level":"info","message":"⌛ Validating estado.wlk","timeElapsed":569,"timestamp":"2025-07-02T11:49:12.185Z"}
{"level":"info","message":"⌛ Building environment","timeElapsed":885,"timestamp":"2025-07-02T11:49:14.655Z"}
{"level":"info","message":"⌛ Validating interfaz.wlk","timeElapsed":536,"timestamp":"2025-07-02T11:49:15.353Z"}
{"level":"info","message":"⌛ Building environment","timeElapsed":394,"timestamp":"2025-07-02T11:49:19.096Z"}
{"level":"info","message":"⌛ Validating juego.wlk","timeElapsed":496,"timestamp":"2025-07-02T11:49:19.673Z"}
{"level":"info","message":"⌛ Building environment","timeElapsed":522,"timestamp":"2025-07-02T11:49:22.068Z"}
{"level":"info","message":"⌛ Validating interfaz.wlk","timeElapsed":531,"timestamp":"2025-07-02T11:49:22.766Z"}
{"level":"info","message":"⌛ Building environment","timeElapsed":758,"timestamp":"2025-07-02T11:49:46.802Z"}
{"level":"info","message":"⌛ Validating juego.wlk","timeElapsed":659,"timestamp":"2025-07-02T11:49:47.486Z"}
{"level":"info","message":"⌛ Building environment","timeElapsed":416,"timestamp":"2025-07-02T11:49:50.490Z"}
{"level":"info","message":"⌛ Validating mazo.wlk","timeElapsed":544,"timestamp":"2025-07-02T11:49:51.080Z"}
{"level":"info","message":"⌛ Building environment","timeElapsed":540,"timestamp":"2025-07-02T11:49:55.975Z"}
{"level":"info","message":"⌛ Validating menu.wlk","timeElapsed":579,"timestamp":"2025-07-02T11:49:56.737Z"}
{"level":"info","message":"⌛ Building environment","timeElapsed":400,"timestamp":"2025-07-02T11:50:01.550Z"}
{"level":"info","message":"⌛ Validating modelos.wlk","timeElapsed":470,"timestamp":"2025-07-02T11:50:02.086Z"}
{"level":"info","message":"⌛ Building environment","timeElapsed":587,"timestamp":"2025-07-02T11:50:19.769Z"}
{"level":"info","message":"⌛ Validating nivel.wlk","timeElapsed":612,"timestamp":"2025-07-02T11:50:20.415Z"}
{"level":"info","message":"⌛ Building environment","timeElapsed":869,"timestamp":"2025-07-02T11:50:25.419Z"}
{"level":"info","message":"⌛ Validating personaje.wlk","timeElapsed":483,"timestamp":"2025-07-02T11:50:26.001Z"}
{"exitCode":"SIGHUP","level":"info","message":"👾 Game executed porovsbaron.PoroVsBaron on c:\\Users\\leone\\Desktop\\Nueva carpeta\\TPGameIntegrador-code-carry","timeElapsed":159098,"timestamp":"2025-07-02T11:50:30.044Z"}
{"level":"info","message":"⌛ Building environment","timeElapsed":921,"timestamp":"2025-07-02T11:51:09.202Z"}
{"level":"info","message":"⌛ Building environment","timeElapsed":751,"timestamp":"2025-07-02T11:51:09.987Z"}
{"level":"info","message":"⌛ Building environment","timeElapsed":511,"timestamp":"2025-07-02T11:51:10.587Z"}
{"level":"info","message":"⌛ Building environment","timeElapsed":803,"timestamp":"2025-07-02T11:51:11.393Z"}
{"level":"info","message":"⌛ Building environment","timeElapsed":589,"timestamp":"2025-07-02T11:51:12.033Z"}
{"level":"info","message":"⌛ Building environment","timeElapsed":592,"timestamp":"2025-07-02T11:51:12.628Z"}
{"level":"info","message":"⌛ Building environment","timeElapsed":496,"timestamp":"2025-07-02T11:51:13.254Z"}
{"level":"info","message":"⌛ Building environment","timeElapsed":600,"timestamp":"2025-07-02T11:51:13.862Z"}
{"level":"info","message":"⌛ Building environment","timeElapsed":849,"timestamp":"2025-07-02T11:51:14.877Z"}
{"level":"info","message":"⌛ Building environment","timeElapsed":871,"timestamp":"2025-07-02T11:51:15.752Z"}
{"level":"info","message":"⌛ Building environment","timeElapsed":726,"timestamp":"2025-07-02T11:51:16.502Z"}
{"level":"info","message":"⌛ Building environment","timeElapsed":454,"timestamp":"2025-07-02T11:51:16.957Z"}
{"level":"info","message":"⌛ Validating porovsbaron.wpgm","timeElapsed":514,"timestamp":"2025-07-02T11:51:17.472Z"}
{"level":"info","message":"⌛ Building environment","timeElapsed":1340,"timestamp":"2025-07-02T11:51:18.837Z"}
{"level":"info","message":"⌛ Validating sonido.wlk","timeElapsed":433,"timestamp":"2025-07-02T11:51:19.308Z"}
{"level":"info","message":"⌛ Validating personaje.wlk","timeElapsed":339,"timestamp":"2025-07-02T11:51:19.648Z"}
{"level":"info","message":"⌛ Validating nivel.wlk","timeElapsed":310,"timestamp":"2025-07-02T11:51:19.959Z"}
{"level":"info","message":"⌛ Validating modelos.wlk","timeElapsed":235,"timestamp":"2025-07-02T11:51:20.215Z"}
{"level":"info","message":"⌛ Validating menu.wlk","timeElapsed":267,"timestamp":"2025-07-02T11:51:20.495Z"}
{"level":"info","message":"⌛ Validating mazo.wlk","timeElapsed":307,"timestamp":"2025-07-02T11:51:20.846Z"}
{"level":"info","message":"⌛ Validating juego.wlk","timeElapsed":276,"timestamp":"2025-07-02T11:51:21.144Z"}
{"level":"info","message":"⌛ Validating interfaz.wlk","timeElapsed":290,"timestamp":"2025-07-02T11:51:21.464Z"}
{"level":"info","message":"⌛ Validating estado.wlk","timeElapsed":342,"timestamp":"2025-07-02T11:51:21.808Z"}
{"level":"info","message":"⌛ Validating cartas.wlk","timeElapsed":467,"timestamp":"2025-07-02T11:51:22.276Z"}
{"level":"info","message":"⌛ Validating porovsbaron.wpgm","timeElapsed":284,"timestamp":"2025-07-02T11:51:22.580Z"}
{"level":"info","message":"⌛ Validating sonido.wlk","timeElapsed":252,"timestamp":"2025-07-02T11:51:22.833Z"}
{"level":"info","message":"⌛ Validating personaje.wlk","timeElapsed":209,"timestamp":"2025-07-02T11:51:23.044Z"}
{"level":"info","message":"⌛ Validating nivel.wlk","timeElapsed":195,"timestamp":"2025-07-02T11:51:23.240Z"}
{"level":"info","message":"⌛ Validating modelos.wlk","timeElapsed":206,"timestamp":"2025-07-02T11:51:23.447Z"}
{"level":"info","message":"⌛ Validating menu.wlk","timeElapsed":194,"timestamp":"2025-07-02T11:51:23.648Z"}
{"level":"info","message":"⌛ Validating mazo.wlk","timeElapsed":194,"timestamp":"2025-07-02T11:51:23.854Z"}
{"level":"info","message":"⌛ Validating juego.wlk","timeElapsed":194,"timestamp":"2025-07-02T11:51:24.050Z"}
{"level":"info","message":"⌛ Validating interfaz.wlk","timeElapsed":191,"timestamp":"2025-07-02T11:51:24.242Z"}
{"level":"info","message":"⌛ Validating estado.wlk","timeElapsed":198,"timestamp":"2025-07-02T11:51:24.452Z"}
{"level":"info","message":"⌛ Validating cartas.wlk","timeElapsed":201,"timestamp":"2025-07-02T11:51:24.654Z"}
{"level":"info","message":"🚀 Program executed \u001b[3m\u001b[34mporovsbaron.PoroVsBaron\u001b[39m\u001b[23m on \u001b[3m\u001b[34mc:\\Users\\leone\\Desktop\\Nueva carpeta\\TPGameIntegrador-code-carry\u001b[39m\u001b[23m","ok":true,"timeElapsed":3675,"timestamp":"2025-07-02T11:51:40.451Z"}
{"exitCode":"SIGHUP","level":"info","message":"👾 Game executed porovsbaron.PoroVsBaron on c:\\Users\\leone\\Desktop\\Nueva carpeta\\TPGameIntegrador-code-carry","timeElapsed":93085,"timestamp":"2025-07-02T11:53:09.855Z"}
{"level":"info","message":"🚀 Program executed \u001b[3m\u001b[34mporovsbaron.PoroVsBaron\u001b[39m\u001b[23m on \u001b[3m\u001b[34mc:\\Users\\leone\\Desktop\\Nueva carpeta\\TPGameIntegrador-code-carry\u001b[39m\u001b[23m","ok":true,"timeElapsed":2611,"timestamp":"2025-07-02T11:53:35.382Z"}
{"exitCode":"SIGHUP","level":"info","message":"👾 Game executed porovsbaron.PoroVsBaron on c:\\Users\\leone\\Desktop\\Nueva carpeta\\TPGameIntegrador-code-carry","timeElapsed":270566,"timestamp":"2025-07-02T11:58:03.295Z"}
{"level":"info","message":"🚀 Program executed \u001b[3m\u001b[34mporovsbaron.PoroVsBaron\u001b[39m\u001b[23m on \u001b[3m\u001b[34mc:\\Users\\leone\\Desktop\\Nueva carpeta\\TPGameIntegrador-code-carry\u001b[39m\u001b[23m","ok":true,"timeElapsed":1936,"timestamp":"2025-07-02T11:58:21.076Z"}
{"level":"info","message":"⌛ Building environment","timeElapsed":3425,"timestamp":"2025-07-02T12:01:09.643Z"}
{"level":"info","message":"⌛ Validating personaje.wlk","timeElapsed":1723,"timestamp":"2025-07-02T12:01:12.700Z"}
{"level":"info","message":"⌛ Building environment","timeElapsed":1114,"timestamp":"2025-07-02T12:01:49.310Z"}
{"level":"info","message":"⌛ Validating modelos.wlk","timeElapsed":1198,"timestamp":"2025-07-02T12:01:50.768Z"}
{"level":"info","message":"⌛ Building environment","timeElapsed":1597,"timestamp":"2025-07-02T12:02:08.909Z"}
{"level":"info","message":"⌛ Validating menu.wlk","timeElapsed":2563,"timestamp":"2025-07-02T12:02:11.696Z"}
{"level":"info","message":"⌛ Building environment","timeElapsed":1236,"timestamp":"2025-07-02T12:02:15.302Z"}
{"level":"info","message":"⌛ Validating juego.wlk","timeElapsed":1835,"timestamp":"2025-07-02T12:02:17.311Z"}
{"level":"info","message":"⌛ Building environment","timeElapsed":860,"timestamp":"2025-07-02T12:02:27.527Z"}
{"level":"info","message":"⌛ Validating cartas.wlk","timeElapsed":1479,"timestamp":"2025-07-02T12:02:29.273Z"}
{"level":"info","message":"⌛ Building environment","timeElapsed":1930,"timestamp":"2025-07-02T12:02:37.559Z"}
{"level":"info","message":"⌛ Validating interfaz.wlk","timeElapsed":1038,"timestamp":"2025-07-02T12:02:39.081Z"}
{"level":"info","message":"⌛ Building environment","timeElapsed":1452,"timestamp":"2025-07-02T12:03:53.243Z"}
{"level":"info","message":"⌛ Building environment","timeElapsed":1218,"timestamp":"2025-07-02T12:03:54.829Z"}
{"level":"info","message":"⌛ Validating porovsbaron.wpgm","timeElapsed":1502,"timestamp":"2025-07-02T12:03:56.595Z"}
{"level":"info","message":"⌛ Validating personaje.wlk","timeElapsed":802,"timestamp":"2025-07-02T12:03:57.593Z"}
{"level":"info","message":"⌛ Building environment","timeElapsed":1376,"timestamp":"2025-07-02T12:05:34.011Z"}
{"level":"info","message":"⌛ Building environment","timeElapsed":513,"timestamp":"2025-07-02T12:05:34.524Z"}
{"level":"info","message":"Removing diagnostics from /C:/Users/leone/Desktop/Nueva carpeta/TPGameIntegrador-code-carry/assets/poro-normal.png","timestamp":"2025-07-02T12:05:34.686Z"}
{"level":"info","message":"⌛ Building environment","timeElapsed":494,"timestamp":"2025-07-02T12:05:35.609Z"}
{"level":"info","message":"⌛ Building environment","timeElapsed":462,"timestamp":"2025-07-02T12:05:36.104Z"}
{"level":"info","message":"⌛ Building environment","timeElapsed":725,"timestamp":"2025-07-02T12:05:36.932Z"}
{"level":"info","message":"⌛ Building environment","timeElapsed":473,"timestamp":"2025-07-02T12:05:37.415Z"}
{"level":"info","message":"⌛ Building environment","timeElapsed":584,"timestamp":"2025-07-02T12:05:38.001Z"}
{"level":"info","message":"⌛ Building environment","timeElapsed":616,"timestamp":"2025-07-02T12:05:38.690Z"}
{"level":"info","message":"⌛ Building environment","timeElapsed":827,"timestamp":"2025-07-02T12:05:39.574Z"}
{"level":"info","message":"⌛ Building environment","timeElapsed":964,"timestamp":"2025-07-02T12:05:40.543Z"}
{"level":"info","message":"⌛ Building environment","timeElapsed":874,"timestamp":"2025-07-02T12:05:41.431Z"}
{"level":"info","message":"⌛ Building environment","timeElapsed":590,"timestamp":"2025-07-02T12:05:42.042Z"}
{"level":"info","message":"⌛ Building environment","timeElapsed":452,"timestamp":"2025-07-02T12:05:42.509Z"}
{"level":"info","message":"⌛ Validating sonido.wlk","timeElapsed":470,"timestamp":"2025-07-02T12:05:43.000Z"}
{"level":"info","message":"⌛ Validating porovsbaron.wpgm","timeElapsed":568,"timestamp":"2025-07-02T12:05:43.570Z"}
{"level":"info","message":"⌛ Validating personaje.wlk","timeElapsed":504,"timestamp":"2025-07-02T12:05:44.075Z"}
{"level":"info","message":"⌛ Validating nivel.wlk","timeElapsed":639,"timestamp":"2025-07-02T12:05:44.720Z"}
{"level":"info","message":"⌛ Validating modelos.wlk","timeElapsed":496,"timestamp":"2025-07-02T12:05:45.216Z"}
{"level":"info","message":"⌛ Validating menu.wlk","timeElapsed":516,"timestamp":"2025-07-02T12:05:45.734Z"}
{"level":"info","message":"⌛ Validating mazo.wlk","timeElapsed":580,"timestamp":"2025-07-02T12:05:46.316Z"}
{"level":"info","message":"⌛ Validating juego.wlk","timeElapsed":554,"timestamp":"2025-07-02T12:05:46.893Z"}
{"level":"info","message":"⌛ Validating interfaz.wlk","timeElapsed":651,"timestamp":"2025-07-02T12:05:47.631Z"}
{"level":"info","message":"⌛ Validating estado.wlk","timeElapsed":624,"timestamp":"2025-07-02T12:05:48.256Z"}
{"level":"info","message":"⌛ Validating cartas.wlk","timeElapsed":686,"timestamp":"2025-07-02T12:05:48.950Z"}
{"exitCode":"SIGHUP","level":"info","message":"👾 Game executed porovsbaron.PoroVsBaron on c:\\Users\\leone\\Desktop\\Nueva carpeta\\TPGameIntegrador-code-carry","timeElapsed":586204,"timestamp":"2025-07-02T12:08:05.284Z"}
{"level":"info","message":"🚀 Program executed \u001b[3m\u001b[34mporovsbaron.PoroVsBaron\u001b[39m\u001b[23m on \u001b[3m\u001b[34mc:\\Users\\leone\\Desktop\\Nueva carpeta\\TPGameIntegrador-code-carry\u001b[39m\u001b[23m","ok":true,"timeElapsed":2573,"timestamp":"2025-07-02T12:08:23.335Z"}
{"level":"info","message":"⌛ Building environment","timeElapsed":1830,"timestamp":"2025-07-02T12:10:44.439Z"}
{"level":"info","message":"⌛ Validating personaje.wlk","timeElapsed":949,"timestamp":"2025-07-02T12:10:45.951Z"}
{"level":"info","message":"⌛ Building environment","timeElapsed":867,"timestamp":"2025-07-02T12:11:27.392Z"}
{"level":"info","message":"⌛ Validating porovsbaron.wpgm","timeElapsed":976,"timestamp":"2025-07-02T12:11:28.426Z"}
{"exitCode":"SIGHUP","level":"info","message":"👾 Game executed porovsbaron.PoroVsBaron on c:\\Users\\leone\\Desktop\\Nueva carpeta\\TPGameIntegrador-code-carry","timeElapsed":198768,"timestamp":"2025-07-02T12:11:39.510Z"}
{"level":"info","message":"🚀 Program executed \u001b[3m\u001b[34mporovsbaron.PoroVsBaron\u001b[39m\u001b[23m on \u001b[3m\u001b[34mc:\\Users\\leone\\Desktop\\Nueva carpeta\\TPGameIntegrador-code-carry\u001b[39m\u001b[23m","ok":true,"timeElapsed":2615,"timestamp":"2025-07-02T12:11:51.433Z"}
{"level":"info","message":"⌛ Building environment","timeElapsed":1642,"timestamp":"2025-07-02T12:17:17.999Z"}
{"level":"info","message":"⌛ Validating personaje.wlk","timeElapsed":1373,"timestamp":"2025-07-02T12:17:19.702Z"}
{"level":"info","message":"⌛ Building environment","timeElapsed":1535,"timestamp":"2025-07-02T12:49:48.762Z"}
{"level":"info","message":"⌛ Building environment","timeElapsed":720,"timestamp":"2025-07-02T12:49:49.539Z"}
{"level":"error","message":"✘ Completions for node If ([106:5, 113:64] - personaje.wlk) failed: Error: [If]{06ce71} at personaje.wlk:106 exhausted all cases without a match [If]{06ce71} at personaje.wlk:106 exhausted all cases without a match","stack":"Error: [If]{06ce71} at personaje.wlk:106 exhausted all cases without a match\n    at c:\\Users\\leone\\.vscode\\extensions\\uqbar.wollok-lsp-ide-0.5.2\\out\\server\\src\\server.js:38:6142\n    at C2 (c:\\Users\\leone\\.vscode\\extensions\\uqbar.wollok-lsp-ide-0.5.2\\out\\server\\src\\server.js:2362:42)\n    at Gh (c:\\Users\\leone\\.vscode\\extensions\\uqbar.wollok-lsp-ide-0.5.2\\out\\server\\src\\server.js:2362:1092)\n    at p8n (c:\\Users\\leone\\.vscode\\extensions\\uqbar.wollok-lsp-ide-0.5.2\\out\\server\\src\\server.js:2362:818)\n    at c:\\Users\\leone\\.vscode\\extensions\\uqbar.wollok-lsp-ide-0.5.2\\out\\server\\src\\server.js:38:6131\n    at C2 (c:\\Users\\leone\\.vscode\\extensions\\uqbar.wollok-lsp-ide-0.5.2\\out\\server\\src\\server.js:2362:42)\n    at Gh (c:\\Users\\leone\\.vscode\\extensions\\uqbar.wollok-lsp-ide-0.5.2\\out\\server\\src\\server.js:2362:1092)\n    at l8n (c:\\Users\\leone\\.vscode\\extensions\\uqbar.wollok-lsp-ide-0.5.2\\out\\server\\src\\server.js:2362:1248)\n    at c:\\Users\\leone\\.vscode\\extensions\\uqbar.wollok-lsp-ide-0.5.2\\out\\server\\src\\server.js:38:6131\n    at C2 (c:\\Users\\leone\\.vscode\\extensions\\uqbar.wollok-lsp-ide-0.5.2\\out\\server\\src\\server.js:2362:42)","timestamp":"2025-07-02T12:49:49.994Z"}
{"level":"info","message":"⌛ Autocomplete - Reference","timeElapsed":271,"timestamp":"2025-07-02T12:49:50.002Z"}
{"level":"info","message":"⌛ Building environment","timeElapsed":696,"timestamp":"2025-07-02T12:49:50.714Z"}
{"level":"info","message":"⌛ Building environment","timeElapsed":435,"timestamp":"2025-07-02T12:49:51.165Z"}
{"level":"info","message":"⌛ Building environment","timeElapsed":588,"timestamp":"2025-07-02T12:49:51.755Z"}
{"level":"info","message":"⌛ Building environment","timeElapsed":387,"timestamp":"2025-07-02T12:49:52.152Z"}
{"level":"info","message":"⌛ Building environment","timeElapsed":613,"timestamp":"2025-07-02T12:49:52.867Z"}
{"level":"info","message":"⌛ Building environment","timeElapsed":327,"timestamp":"2025-07-02T12:49:53.227Z"}
{"level":"info","message":"⌛ Building environment","timeElapsed":644,"timestamp":"2025-07-02T12:49:53.875Z"}
{"level":"info","message":"⌛ Building environment","timeElapsed":694,"timestamp":"2025-07-02T12:49:54.663Z"}
{"level":"info","message":"⌛ Validating personaje.wlk","timeElapsed":543,"timestamp":"2025-07-02T12:49:55.247Z"}
{"level":"info","message":"⌛ Validating personaje.wlk","timeElapsed":450,"timestamp":"2025-07-02T12:49:55.697Z"}
{"level":"info","message":"⌛ Building environment","timeElapsed":526,"timestamp":"2025-07-02T12:49:56.225Z"}
{"level":"info","message":"⌛ Validating personaje.wlk","timeElapsed":526,"timestamp":"2025-07-02T12:49:56.752Z"}
{"level":"info","message":"⌛ Building environment","timeElapsed":582,"timestamp":"2025-07-02T12:49:57.433Z"}
{"level":"info","message":"⌛ Validating personaje.wlk","timeElapsed":686,"timestamp":"2025-07-02T12:49:58.125Z"}
{"level":"info","message":"⌛ Building environment","timeElapsed":775,"timestamp":"2025-07-02T12:49:59.017Z"}
{"level":"info","message":"⌛ Building environment","timeElapsed":776,"timestamp":"2025-07-02T12:49:59.795Z"}
{"level":"info","message":"⌛ Validating personaje.wlk","timeElapsed":1177,"timestamp":"2025-07-02T12:50:01.042Z"}
{"level":"info","message":"⌛ Building environment","timeElapsed":881,"timestamp":"2025-07-02T12:50:01.927Z"}
{"level":"info","message":"⌛ Building environment","timeElapsed":550,"timestamp":"2025-07-02T12:50:02.480Z"}
{"level":"info","message":"⌛ Validating personaje.wlk","timeElapsed":977,"timestamp":"2025-07-02T12:50:03.459Z"}
{"level":"info","message":"⌛ Building environment","timeElapsed":1020,"timestamp":"2025-07-02T12:50:04.545Z"}
{"level":"info","message":"⌛ Building environment","timeElapsed":603,"timestamp":"2025-07-02T12:50:05.151Z"}
{"level":"info","message":"⌛ Validating personaje.wlk","timeElapsed":499,"timestamp":"2025-07-02T12:50:05.795Z"}
{"level":"info","message":"⌛ Validating personaje.wlk","timeElapsed":724,"timestamp":"2025-07-02T12:50:06.527Z"}
{"level":"info","message":"⌛ Building environment","timeElapsed":1198,"timestamp":"2025-07-02T12:50:07.741Z"}
{"level":"info","message":"⌛ Building environment","timeElapsed":488,"timestamp":"2025-07-02T12:50:08.231Z"}
{"level":"info","message":"⌛ Building environment","timeElapsed":394,"timestamp":"2025-07-02T12:50:08.687Z"}
{"level":"info","message":"⌛ Validating personaje.wlk","timeElapsed":445,"timestamp":"2025-07-02T12:50:09.144Z"}
{"level":"info","message":"⌛ Building environment","timeElapsed":642,"timestamp":"2025-07-02T12:50:09.787Z"}
{"level":"info","message":"⌛ Validating personaje.wlk","timeElapsed":1207,"timestamp":"2025-07-02T12:50:11.070Z"}
{"level":"info","message":"⌛ Validating personaje.wlk","timeElapsed":393,"timestamp":"2025-07-02T12:50:11.553Z"}
{"level":"info","message":"⌛ Building environment","timeElapsed":381,"timestamp":"2025-07-02T12:50:11.948Z"}
{"level":"info","message":"⌛ Validating personaje.wlk","timeElapsed":487,"timestamp":"2025-07-02T12:50:12.486Z"}
{"level":"info","message":"⌛ Building environment","timeElapsed":416,"timestamp":"2025-07-02T12:50:12.909Z"}
{"level":"error","message":"✘ Completions for node If ([106:5, 114:64] - personaje.wlk) failed: Error: [If]{7734e9} at personaje.wlk:106 exhausted all cases without a match [If]{7734e9} at personaje.wlk:106 exhausted all cases without a match","stack":"Error: [If]{7734e9} at personaje.wlk:106 exhausted all cases without a match\n    at c:\\Users\\leone\\.vscode\\extensions\\uqbar.wollok-lsp-ide-0.5.2\\out\\server\\src\\server.js:38:6142\n    at C2 (c:\\Users\\leone\\.vscode\\extensions\\uqbar.wollok-lsp-ide-0.5.2\\out\\server\\src\\server.js:2362:42)\n    at Gh (c:\\Users\\leone\\.vscode\\extensions\\uqbar.wollok-lsp-ide-0.5.2\\out\\server\\src\\server.js:2362:1092)\n    at p8n (c:\\Users\\leone\\.vscode\\extensions\\uqbar.wollok-lsp-ide-0.5.2\\out\\server\\src\\server.js:2362:818)\n    at c:\\Users\\leone\\.vscode\\extensions\\uqbar.wollok-lsp-ide-0.5.2\\out\\server\\src\\server.js:38:6131\n    at C2 (c:\\Users\\leone\\.vscode\\extensions\\uqbar.wollok-lsp-ide-0.5.2\\out\\server\\src\\server.js:2362:42)\n    at Gh (c:\\Users\\leone\\.vscode\\extensions\\uqbar.wollok-lsp-ide-0.5.2\\out\\server\\src\\server.js:2362:1092)\n    at l8n (c:\\Users\\leone\\.vscode\\extensions\\uqbar.wollok-lsp-ide-0.5.2\\out\\server\\src\\server.js:2362:1248)\n    at c:\\Users\\leone\\.vscode\\extensions\\uqbar.wollok-lsp-ide-0.5.2\\out\\server\\src\\server.js:38:6131\n    at C2 (c:\\Users\\leone\\.vscode\\extensions\\uqbar.wollok-lsp-ide-0.5.2\\out\\server\\src\\server.js:2362:42)","timestamp":"2025-07-02T12:50:13.011Z"}
{"level":"info","message":"⌛ Building environment","timeElapsed":670,"timestamp":"2025-07-02T12:50:13.694Z"}
{"level":"info","message":"⌛ Building environment","timeElapsed":407,"timestamp":"2025-07-02T12:50:14.127Z"}
{"level":"info","message":"⌛ Building environment","timeElapsed":405,"timestamp":"2025-07-02T12:50:14.536Z"}
{"level":"info","message":"⌛ Building environment","timeElapsed":459,"timestamp":"2025-07-02T12:50:15.001Z"}
{"level":"info","message":"⌛ Autocomplete - Body","timeElapsed":677,"timestamp":"2025-07-02T12:50:15.746Z"}
{"level":"info","message":"⌛ Building environment","timeElapsed":1467,"timestamp":"2025-07-02T12:50:17.219Z"}
{"level":"info","message":"⌛ Building environment","timeElapsed":891,"timestamp":"2025-07-02T12:50:18.123Z"}
{"level":"info","message":"⌛ Building environment","timeElapsed":708,"timestamp":"2025-07-02T12:50:18.834Z"}
{"level":"info","message":"⌛ Building environment","timeElapsed":524,"timestamp":"2025-07-02T12:50:19.364Z"}
{"level":"info","message":"⌛ Validating personaje.wlk","timeElapsed":626,"timestamp":"2025-07-02T12:50:19.992Z"}
{"level":"info","message":"⌛ Building environment","timeElapsed":493,"timestamp":"2025-07-02T12:50:20.485Z"}
{"level":"info","message":"⌛ Building environment","timeElapsed":448,"timestamp":"2025-07-02T12:50:20.936Z"}
{"level":"info","message":"⌛ Building environment","timeElapsed":404,"timestamp":"2025-07-02T12:50:21.347Z"}
{"level":"info","message":"⌛ Building environment","timeElapsed":473,"timestamp":"2025-07-02T12:50:21.823Z"}
{"level":"info","message":"⌛ Validating personaje.wlk","timeElapsed":440,"timestamp":"2025-07-02T12:50:23.130Z"}
{"level":"info","message":"⌛ Building environment","timeElapsed":435,"timestamp":"2025-07-02T12:50:23.572Z"}
{"level":"info","message":"⌛ Building environment","timeElapsed":648,"timestamp":"2025-07-02T12:50:24.331Z"}
{"level":"info","message":"⌛ Validating personaje.wlk","timeElapsed":429,"timestamp":"2025-07-02T12:50:24.761Z"}
{"level":"info","message":"⌛ Building environment","timeElapsed":808,"timestamp":"2025-07-02T12:50:25.676Z"}
{"level":"info","message":"⌛ Validating personaje.wlk","timeElapsed":678,"timestamp":"2025-07-02T12:50:26.355Z"}
{"level":"info","message":"⌛ Building environment","timeElapsed":740,"timestamp":"2025-07-02T12:50:27.218Z"}
{"level":"info","message":"⌛ Building environment","timeElapsed":585,"timestamp":"2025-07-02T12:50:27.833Z"}
{"level":"info","message":"⌛ Building environment","timeElapsed":513,"timestamp":"2025-07-02T12:50:28.356Z"}
{"level":"info","message":"⌛ Building environment","timeElapsed":700,"timestamp":"2025-07-02T12:50:29.059Z"}
{"level":"info","message":"⌛ Building environment","timeElapsed":972,"timestamp":"2025-07-02T12:50:30.161Z"}
{"level":"info","message":"⌛ Building environment","timeElapsed":515,"timestamp":"2025-07-02T12:50:30.766Z"}
{"level":"info","message":"⌛ Validating personaje.wlk","timeElapsed":609,"timestamp":"2025-07-02T12:50:31.434Z"}
{"level":"info","message":"⌛ Building environment","timeElapsed":807,"timestamp":"2025-07-02T12:50:32.261Z"}
{"level":"info","message":"⌛ Building environment","timeElapsed":771,"timestamp":"2025-07-02T12:50:33.033Z"}
{"level":"info","message":"⌛ Building environment","timeElapsed":528,"timestamp":"2025-07-02T12:50:33.574Z"}
{"level":"info","message":"⌛ Building environment","timeElapsed":541,"timestamp":"2025-07-02T12:50:34.118Z"}
{"level":"info","message":"⌛ Building environment","timeElapsed":472,"timestamp":"2025-07-02T12:50:34.601Z"}
{"level":"info","message":"⌛ Validating personaje.wlk","timeElapsed":640,"timestamp":"2025-07-02T12:50:35.250Z"}
{"level":"info","message":"⌛ Building environment","timeElapsed":571,"timestamp":"2025-07-02T12:50:35.923Z"}
{"level":"info","message":"⌛ Building environment","timeElapsed":517,"timestamp":"2025-07-02T12:50:36.459Z"}
{"level":"info","message":"⌛ Building environment","timeElapsed":585,"timestamp":"2025-07-02T12:50:37.081Z"}
{"level":"info","message":"⌛ Building environment","timeElapsed":476,"timestamp":"2025-07-02T12:50:37.599Z"}
{"level":"info","message":"⌛ Building environment","timeElapsed":1316,"timestamp":"2025-07-02T12:50:38.980Z"}
{"level":"info","message":"⌛ Building environment","timeElapsed":629,"timestamp":"2025-07-02T12:50:39.792Z"}
{"level":"info","message":"⌛ Validating personaje.wlk","timeElapsed":1043,"timestamp":"2025-07-02T12:50:40.838Z"}
{"level":"info","message":"⌛ Validating personaje.wlk","timeElapsed":1617,"timestamp":"2025-07-02T12:50:42.683Z"}
{"level":"info","message":"⌛ Validating personaje.wlk","timeElapsed":485,"timestamp":"2025-07-02T12:50:43.173Z"}
{"level":"info","message":"⌛ Building environment","timeElapsed":2284,"timestamp":"2025-07-02T12:50:45.459Z"}
{"level":"info","message":"⌛ Building environment","timeElapsed":527,"timestamp":"2025-07-02T12:50:45.990Z"}
{"level":"info","message":"⌛ Building environment","timeElapsed":397,"timestamp":"2025-07-02T12:50:46.492Z"}
{"level":"info","message":"⌛ Building environment","timeElapsed":433,"timestamp":"2025-07-02T12:50:46.928Z"}
{"level":"info","message":"⌛ Validating personaje.wlk","timeElapsed":497,"timestamp":"2025-07-02T12:50:47.428Z"}
{"level":"info","message":"⌛ Validating personaje.wlk","timeElapsed":572,"timestamp":"2025-07-02T12:50:48.186Z"}
{"level":"info","message":"⌛ Building environment","timeElapsed":632,"timestamp":"2025-07-02T12:50:48.821Z"}
{"level":"info","message":"⌛ Building environment","timeElapsed":1030,"timestamp":"2025-07-02T12:50:49.853Z"}
{"level":"info","message":"⌛ Building environment","timeElapsed":486,"timestamp":"2025-07-02T12:50:50.340Z"}
{"level":"info","message":"⌛ Validating personaje.wlk","timeElapsed":699,"timestamp":"2025-07-02T12:50:51.164Z"}
{"level":"info","message":"⌛ Building environment","timeElapsed":793,"timestamp":"2025-07-02T12:50:51.961Z"}
{"level":"info","message":"⌛ Building environment","timeElapsed":563,"timestamp":"2025-07-02T12:50:52.526Z"}
{"level":"info","message":"⌛ Building environment","timeElapsed":548,"timestamp":"2025-07-02T12:50:53.112Z"}
{"level":"info","message":"⌛ Validating personaje.wlk","timeElapsed":503,"timestamp":"2025-07-02T12:50:53.679Z"}
{"level":"info","message":"⌛ Validating personaje.wlk","timeElapsed":403,"timestamp":"2025-07-02T12:50:54.102Z"}
{"level":"info","message":"⌛ Validating personaje.wlk","timeElapsed":440,"timestamp":"2025-07-02T12:50:54.545Z"}
{"level":"info","message":"⌛ Validating personaje.wlk","timeElapsed":474,"timestamp":"2025-07-02T12:50:55.019Z"}
{"level":"info","message":"⌛ Building environment","timeElapsed":426,"timestamp":"2025-07-02T12:50:55.449Z"}
{"level":"info","message":"⌛ Building environment","timeElapsed":527,"timestamp":"2025-07-02T12:50:56.056Z"}
{"level":"info","message":"⌛ Building environment","timeElapsed":728,"timestamp":"2025-07-02T12:50:56.877Z"}
{"level":"info","message":"⌛ Validating personaje.wlk","timeElapsed":554,"timestamp":"2025-07-02T12:50:57.503Z"}
{"level":"info","message":"⌛ Building environment","timeElapsed":1302,"timestamp":"2025-07-02T12:50:58.819Z"}
{"level":"info","message":"⌛ Building environment","timeElapsed":1018,"timestamp":"2025-07-02T12:50:59.842Z"}
{"level":"info","message":"⌛ Building environment","timeElapsed":539,"timestamp":"2025-07-02T12:51:00.453Z"}
{"level":"info","message":"⌛ Building environment","timeElapsed":512,"timestamp":"2025-07-02T12:51:00.995Z"}
{"level":"info","message":"⌛ Building environment","timeElapsed":630,"timestamp":"2025-07-02T12:51:01.685Z"}
{"level":"info","message":"⌛ Building environment","timeElapsed":406,"timestamp":"2025-07-02T12:51:02.095Z"}
{"level":"info","message":"⌛ Building environment","timeElapsed":519,"timestamp":"2025-07-02T12:51:02.619Z"}
{"level":"info","message":"⌛ Validating personaje.wlk","timeElapsed":518,"timestamp":"2025-07-02T12:51:03.139Z"}
{"level":"info","message":"⌛ Building environment","timeElapsed":629,"timestamp":"2025-07-02T12:51:03.827Z"}
{"level":"info","message":"⌛ Validating personaje.wlk","timeElapsed":428,"timestamp":"2025-07-02T12:51:04.274Z"}
{"level":"info","message":"⌛ Validating personaje.wlk","timeElapsed":382,"timestamp":"2025-07-02T12:51:04.710Z"}
{"level":"info","message":"⌛ Building environment","timeElapsed":492,"timestamp":"2025-07-02T12:51:05.207Z"}
{"level":"info","message":"⌛ Building environment","timeElapsed":721,"timestamp":"2025-07-02T12:51:05.930Z"}
{"level":"info","message":"⌛ Building environment","timeElapsed":476,"timestamp":"2025-07-02T12:51:06.541Z"}
{"level":"info","message":"⌛ Building environment","timeElapsed":697,"timestamp":"2025-07-02T12:51:07.244Z"}
{"level":"info","message":"⌛ Validating personaje.wlk","timeElapsed":647,"timestamp":"2025-07-02T12:51:07.995Z"}
{"level":"info","message":"⌛ Validating personaje.wlk","timeElapsed":505,"timestamp":"2025-07-02T12:51:08.507Z"}
{"level":"info","message":"⌛ Validating personaje.wlk","timeElapsed":793,"timestamp":"2025-07-02T12:51:09.302Z"}
{"level":"info","message":"⌛ Validating personaje.wlk","timeElapsed":614,"timestamp":"2025-07-02T12:51:09.925Z"}
{"level":"info","message":"⌛ Building environment","timeElapsed":618,"timestamp":"2025-07-02T12:51:10.553Z"}
{"level":"info","message":"⌛ Validating personaje.wlk","timeElapsed":483,"timestamp":"2025-07-02T12:51:11.264Z"}
{"level":"info","message":"⌛ Validating personaje.wlk","timeElapsed":2618,"timestamp":"2025-07-02T12:51:13.929Z"}
{"level":"info","message":"⌛ Building environment","timeElapsed":2243,"timestamp":"2025-07-02T12:51:16.179Z"}
{"level":"error","message":"✘ Completions for node Return (undefined - personaje.wlk) failed: Error: [Return]{a304af} at personaje.wlk:-- exhausted all cases without a match [Return]{a304af} at personaje.wlk:-- exhausted all cases without a match","stack":"Error: [Return]{a304af} at personaje.wlk:-- exhausted all cases without a match\n    at c:\\Users\\leone\\.vscode\\extensions\\uqbar.wollok-lsp-ide-0.5.2\\out\\server\\src\\server.js:38:6142\n    at C2 (c:\\Users\\leone\\.vscode\\extensions\\uqbar.wollok-lsp-ide-0.5.2\\out\\server\\src\\server.js:2362:42)\n    at Gh (c:\\Users\\leone\\.vscode\\extensions\\uqbar.wollok-lsp-ide-0.5.2\\out\\server\\src\\server.js:2362:1092)\n    at l8n (c:\\Users\\leone\\.vscode\\extensions\\uqbar.wollok-lsp-ide-0.5.2\\out\\server\\src\\server.js:2362:1248)\n    at c:\\Users\\leone\\.vscode\\extensions\\uqbar.wollok-lsp-ide-0.5.2\\out\\server\\src\\server.js:38:6131\n    at C2 (c:\\Users\\leone\\.vscode\\extensions\\uqbar.wollok-lsp-ide-0.5.2\\out\\server\\src\\server.js:2362:42)\n    at c:\\Users\\leone\\.vscode\\extensions\\uqbar.wollok-lsp-ide-0.5.2\\out\\server\\src\\server.js:2362:2988\n    at c:\\Users\\leone\\.vscode\\extensions\\uqbar.wollok-lsp-ide-0.5.2\\out\\server\\src\\server.js:2371:8440\n    at c:\\Users\\leone\\.vscode\\extensions\\uqbar.wollok-lsp-ide-0.5.2\\out\\server\\src\\server.js:37:74872\n    at Ye (c:\\Users\\leone\\.vscode\\extensions\\uqbar.wollok-lsp-ide-0.5.2\\out\\server\\src\\server.js:7:8527)","timestamp":"2025-07-02T12:51:16.310Z"}
{"level":"info","message":"⌛ Autocomplete - Reference","timeElapsed":121,"timestamp":"2025-07-02T12:51:16.322Z"}
{"level":"info","message":"⌛ Building environment","timeElapsed":1314,"timestamp":"2025-07-02T12:51:17.638Z"}
{"level":"info","message":"⌛ Building environment","timeElapsed":472,"timestamp":"2025-07-02T12:51:18.113Z"}
{"level":"info","message":"⌛ Building environment","timeElapsed":574,"timestamp":"2025-07-02T12:51:18.728Z"}
{"level":"info","message":"⌛ Building environment","timeElapsed":433,"timestamp":"2025-07-02T12:51:19.168Z"}
{"level":"info","message":"⌛ Building environment","timeElapsed":453,"timestamp":"2025-07-02T12:51:19.624Z"}
{"level":"info","message":"⌛ Building environment","timeElapsed":1061,"timestamp":"2025-07-02T12:51:20.705Z"}
{"level":"info","message":"⌛ Validating personaje.wlk","timeElapsed":689,"timestamp":"2025-07-02T12:51:21.395Z"}
{"level":"info","message":"⌛ Building environment","timeElapsed":474,"timestamp":"2025-07-02T12:51:22.008Z"}
{"level":"info","message":"⌛ Building environment","timeElapsed":407,"timestamp":"2025-07-02T12:51:22.521Z"}
{"level":"info","message":"⌛ Building environment","timeElapsed":417,"timestamp":"2025-07-02T12:51:22.960Z"}
{"level":"info","message":"⌛ Building environment","timeElapsed":418,"timestamp":"2025-07-02T12:51:23.379Z"}
{"level":"info","message":"⌛ Validating personaje.wlk","timeElapsed":452,"timestamp":"2025-07-02T12:51:23.927Z"}
{"level":"info","message":"⌛ Building environment","timeElapsed":422,"timestamp":"2025-07-02T12:51:24.354Z"}
{"level":"info","message":"⌛ Validating personaje.wlk","timeElapsed":483,"timestamp":"2025-07-02T12:51:24.840Z"}
{"level":"info","message":"⌛ Building environment","timeElapsed":438,"timestamp":"2025-07-02T12:51:25.279Z"}
{"level":"info","message":"⌛ Building environment","timeElapsed":407,"timestamp":"2025-07-02T12:51:25.692Z"}
{"level":"info","message":"⌛ Building environment","timeElapsed":397,"timestamp":"2025-07-02T12:51:26.092Z"}
{"level":"info","message":"⌛ Validating personaje.wlk","timeElapsed":446,"timestamp":"2025-07-02T12:51:26.539Z"}
{"level":"info","message":"⌛ Building environment","timeElapsed":386,"timestamp":"2025-07-02T12:51:26.990Z"}
{"level":"info","message":"⌛ Validating personaje.wlk","timeElapsed":469,"timestamp":"2025-07-02T12:51:27.462Z"}
{"level":"info","message":"⌛ Building environment","timeElapsed":413,"timestamp":"2025-07-02T12:51:27.892Z"}
{"level":"info","message":"⌛ Building environment","timeElapsed":382,"timestamp":"2025-07-02T12:51:28.275Z"}
{"level":"info","message":"⌛ Building environment","timeElapsed":379,"timestamp":"2025-07-02T12:51:28.655Z"}
{"level":"info","message":"⌛ Building environment","timeElapsed":359,"timestamp":"2025-07-02T12:51:29.066Z"}
{"level":"info","message":"⌛ Validating personaje.wlk","timeElapsed":355,"timestamp":"2025-07-02T12:51:29.517Z"}
{"level":"info","message":"⌛ Building environment","timeElapsed":413,"timestamp":"2025-07-02T12:51:29.940Z"}
{"level":"info","message":"⌛ Validating personaje.wlk","timeElapsed":394,"timestamp":"2025-07-02T12:51:30.458Z"}
{"level":"info","message":"⌛ Building environment","timeElapsed":401,"timestamp":"2025-07-02T12:51:30.887Z"}
{"level":"info","message":"⌛ Building environment","timeElapsed":363,"timestamp":"2025-07-02T12:51:31.338Z"}
{"level":"info","message":"⌛ Building environment","timeElapsed":392,"timestamp":"2025-07-02T12:51:31.735Z"}
{"level":"info","message":"⌛ Building environment","timeElapsed":404,"timestamp":"2025-07-02T12:51:32.189Z"}
{"level":"info","message":"⌛ Validating personaje.wlk","timeElapsed":363,"timestamp":"2025-07-02T12:51:32.553Z"}
{"level":"info","message":"⌛ Building environment","timeElapsed":405,"timestamp":"2025-07-02T12:51:32.959Z"}
{"level":"info","message":"⌛ Building environment","timeElapsed":415,"timestamp":"2025-07-02T12:51:33.377Z"}
{"level":"info","message":"⌛ Building environment","timeElapsed":7001,"timestamp":"2025-07-02T12:51:40.526Z"}
{"level":"info","message":"⌛ Building environment","timeElapsed":443,"timestamp":"2025-07-02T12:51:40.976Z"}
{"level":"info","message":"⌛ Validating personaje.wlk","timeElapsed":431,"timestamp":"2025-07-02T12:51:41.498Z"}
{"level":"info","message":"⌛ Validating personaje.wlk","timeElapsed":420,"timestamp":"2025-07-02T12:51:41.927Z"}
{"level":"info","message":"⌛ Validating personaje.wlk","timeElapsed":371,"timestamp":"2025-07-02T12:51:42.346Z"}
{"level":"info","message":"⌛ Validating personaje.wlk","timeElapsed":394,"timestamp":"2025-07-02T12:51:42.748Z"}
{"level":"info","message":"⌛ Validating personaje.wlk","timeElapsed":384,"timestamp":"2025-07-02T12:51:43.266Z"}
{"level":"info","message":"⌛ Validating personaje.wlk","timeElapsed":403,"timestamp":"2025-07-02T12:51:43.669Z"}
{"level":"info","message":"⌛ Validating personaje.wlk","timeElapsed":400,"timestamp":"2025-07-02T12:51:44.070Z"}
{"level":"info","message":"⌛ Validating personaje.wlk","timeElapsed":421,"timestamp":"2025-07-02T12:51:44.506Z"}
{"level":"info","message":"⌛ Building environment","timeElapsed":2104,"timestamp":"2025-07-02T12:51:46.681Z"}
{"level":"info","message":"⌛ Validating personaje.wlk","timeElapsed":510,"timestamp":"2025-07-02T12:51:47.218Z"}
{"level":"info","message":"⌛ Validating personaje.wlk","timeElapsed":391,"timestamp":"2025-07-02T12:51:47.613Z"}
{"level":"info","message":"⌛ Validating personaje.wlk","timeElapsed":396,"timestamp":"2025-07-02T12:51:48.196Z"}
{"level":"info","message":"⌛ Validating personaje.wlk","timeElapsed":376,"timestamp":"2025-07-02T12:51:48.658Z"}
{"level":"info","message":"⌛ Validating personaje.wlk","timeElapsed":447,"timestamp":"2025-07-02T12:51:49.161Z"}
{"level":"info","message":"⌛ Validating personaje.wlk","timeElapsed":448,"timestamp":"2025-07-02T12:51:49.611Z"}
{"level":"info","message":"⌛ Building environment","timeElapsed":479,"timestamp":"2025-07-02T12:51:50.092Z"}
{"level":"info","message":"⌛ Building environment","timeElapsed":375,"timestamp":"2025-07-02T12:51:50.557Z"}
{"level":"info","message":"⌛ Building environment","timeElapsed":419,"timestamp":"2025-07-02T12:51:50.979Z"}
{"level":"info","message":"⌛ Building environment","timeElapsed":450,"timestamp":"2025-07-02T12:51:51.501Z"}
{"level":"info","message":"⌛ Building environment","timeElapsed":449,"timestamp":"2025-07-02T12:51:51.952Z"}
{"level":"info","message":"⌛ Validating personaje.wlk","timeElapsed":1188,"timestamp":"2025-07-02T12:51:53.235Z"}
{"level":"info","message":"⌛ Building environment","timeElapsed":989,"timestamp":"2025-07-02T12:51:54.247Z"}
{"level":"info","message":"⌛ Building environment","timeElapsed":668,"timestamp":"2025-07-02T12:51:54.918Z"}
{"level":"info","message":"⌛ Building environment","timeElapsed":742,"timestamp":"2025-07-02T12:51:55.713Z"}
{"level":"info","message":"⌛ Building environment","timeElapsed":441,"timestamp":"2025-07-02T12:51:56.158Z"}
{"level":"info","message":"⌛ Building environment","timeElapsed":668,"timestamp":"2025-07-02T12:51:56.909Z"}
{"level":"info","message":"⌛ Validating personaje.wlk","timeElapsed":397,"timestamp":"2025-07-02T12:51:57.332Z"}
{"level":"info","message":"⌛ Building environment","timeElapsed":498,"timestamp":"2025-07-02T12:51:57.910Z"}
{"level":"info","message":"⌛ Validating personaje.wlk","timeElapsed":384,"timestamp":"2025-07-02T12:51:58.299Z"}
{"level":"info","message":"⌛ Building environment","timeElapsed":429,"timestamp":"2025-07-02T12:51:58.731Z"}
{"level":"info","message":"⌛ Building environment","timeElapsed":743,"timestamp":"2025-07-02T12:51:59.476Z"}
{"level":"info","message":"⌛ Building environment","timeElapsed":496,"timestamp":"2025-07-02T12:51:59.980Z"}
{"level":"info","message":"⌛ Building environment","timeElapsed":549,"timestamp":"2025-07-02T12:52:00.573Z"}
{"level":"info","message":"⌛ Building environment","timeElapsed":414,"timestamp":"2025-07-02T12:52:00.991Z"}
{"level":"info","message":"⌛ Validating personaje.wlk","timeElapsed":385,"timestamp":"2025-07-02T12:52:01.483Z"}
{"level":"info","message":"⌛ Validating personaje.wlk","timeElapsed":395,"timestamp":"2025-07-02T12:52:01.916Z"}
{"level":"info","message":"⌛ Validating personaje.wlk","timeElapsed":407,"timestamp":"2025-07-02T12:52:02.324Z"}
{"level":"info","message":"⌛ Validating personaje.wlk","timeElapsed":376,"timestamp":"2025-07-02T12:52:02.830Z"}
{"level":"info","message":"⌛ Validating personaje.wlk","timeElapsed":392,"timestamp":"2025-07-02T12:52:03.223Z"}
{"level":"info","message":"⌛ Validating personaje.wlk","timeElapsed":426,"timestamp":"2025-07-02T12:52:03.651Z"}
{"level":"info","message":"⌛ Validating personaje.wlk","timeElapsed":413,"timestamp":"2025-07-02T12:52:04.111Z"}
{"level":"info","message":"⌛ Validating personaje.wlk","timeElapsed":395,"timestamp":"2025-07-02T12:52:04.507Z"}
{"level":"info","message":"⌛ Validating personaje.wlk","timeElapsed":393,"timestamp":"2025-07-02T12:52:04.900Z"}
{"level":"info","message":"⌛ Validating personaje.wlk","timeElapsed":405,"timestamp":"2025-07-02T12:52:05.313Z"}
{"level":"info","message":"⌛ Validating personaje.wlk","timeElapsed":415,"timestamp":"2025-07-02T12:52:05.729Z"}
{"level":"info","message":"⌛ Validating personaje.wlk","timeElapsed":398,"timestamp":"2025-07-02T12:52:06.128Z"}
{"level":"info","message":"⌛ Validating personaje.wlk","timeElapsed":374,"timestamp":"2025-07-02T12:52:06.533Z"}
{"level":"info","message":"⌛ Validating personaje.wlk","timeElapsed":383,"timestamp":"2025-07-02T12:52:06.963Z"}
{"level":"info","message":"⌛ Validating personaje.wlk","timeElapsed":496,"timestamp":"2025-07-02T12:52:09.128Z"}
{"level":"info","message":"⌛ Validating personaje.wlk","timeElapsed":680,"timestamp":"2025-07-02T12:52:09.809Z"}
{"level":"info","message":"⌛ Validating personaje.wlk","timeElapsed":416,"timestamp":"2025-07-02T12:52:10.225Z"}
{"level":"info","message":"⌛ Validating personaje.wlk","timeElapsed":400,"timestamp":"2025-07-02T12:52:10.629Z"}
{"level":"info","message":"⌛ Validating personaje.wlk","timeElapsed":371,"timestamp":"2025-07-02T12:52:11.139Z"}
{"level":"info","message":"⌛ Validating personaje.wlk","timeElapsed":362,"timestamp":"2025-07-02T12:52:11.760Z"}
{"level":"info","message":"⌛ Validating personaje.wlk","timeElapsed":418,"timestamp":"2025-07-02T12:52:12.259Z"}
{"level":"info","message":"⌛ Validating personaje.wlk","timeElapsed":386,"timestamp":"2025-07-02T12:52:12.646Z"}
{"level":"info","message":"⌛ Validating personaje.wlk","timeElapsed":371,"timestamp":"2025-07-02T12:52:13.041Z"}
{"level":"info","message":"⌛ Validating personaje.wlk","timeElapsed":382,"timestamp":"2025-07-02T12:52:13.425Z"}
{"level":"info","message":"⌛ Validating personaje.wlk","timeElapsed":401,"timestamp":"2025-07-02T12:52:13.831Z"}
{"level":"info","message":"⌛ Validating personaje.wlk","timeElapsed":348,"timestamp":"2025-07-02T12:52:14.246Z"}
{"level":"info","message":"⌛ Validating personaje.wlk","timeElapsed":354,"timestamp":"2025-07-02T12:52:14.645Z"}
{"level":"info","message":"⌛ Validating personaje.wlk","timeElapsed":387,"timestamp":"2025-07-02T12:52:15.045Z"}
{"level":"info","message":"⌛ Validating personaje.wlk","timeElapsed":413,"timestamp":"2025-07-02T12:52:15.483Z"}
{"level":"info","message":"⌛ Validating personaje.wlk","timeElapsed":405,"timestamp":"2025-07-02T12:52:15.890Z"}
{"level":"info","message":"⌛ Validating personaje.wlk","timeElapsed":375,"timestamp":"2025-07-02T12:52:16.325Z"}
{"level":"info","message":"⌛ Validating personaje.wlk","timeElapsed":346,"timestamp":"2025-07-02T12:52:16.732Z"}
{"level":"info","message":"⌛ Validating personaje.wlk","timeElapsed":359,"timestamp":"2025-07-02T12:52:17.102Z"}
{"level":"info","message":"⌛ Validating personaje.wlk","timeElapsed":362,"timestamp":"2025-07-02T12:52:17.464Z"}
{"level":"info","message":"⌛ Validating personaje.wlk","timeElapsed":423,"timestamp":"2025-07-02T12:52:17.927Z"}
{"level":"info","message":"⌛ Validating personaje.wlk","timeElapsed":401,"timestamp":"2025-07-02T12:52:18.360Z"}
{"level":"info","message":"⌛ Validating personaje.wlk","timeElapsed":404,"timestamp":"2025-07-02T12:52:18.775Z"}
{"level":"info","message":"⌛ Validating personaje.wlk","timeElapsed":396,"timestamp":"2025-07-02T12:52:19.172Z"}
{"level":"info","message":"⌛ Validating personaje.wlk","timeElapsed":404,"timestamp":"2025-07-02T12:52:19.577Z"}
{"level":"info","message":"⌛ Validating personaje.wlk","timeElapsed":372,"timestamp":"2025-07-02T12:52:19.991Z"}
{"level":"info","message":"⌛ Validating personaje.wlk","timeElapsed":357,"timestamp":"2025-07-02T12:52:20.382Z"}
{"level":"info","message":"⌛ Validating personaje.wlk","timeElapsed":395,"timestamp":"2025-07-02T12:52:20.778Z"}
{"level":"info","message":"⌛ Validating personaje.wlk","timeElapsed":370,"timestamp":"2025-07-02T12:52:21.149Z"}
{"level":"info","message":"⌛ Validating personaje.wlk","timeElapsed":380,"timestamp":"2025-07-02T12:52:21.535Z"}
{"level":"info","message":"⌛ Validating personaje.wlk","timeElapsed":364,"timestamp":"2025-07-02T12:52:21.939Z"}
{"level":"info","message":"⌛ Validating personaje.wlk","timeElapsed":375,"timestamp":"2025-07-02T12:52:22.315Z"}
{"level":"info","message":"⌛ Validating personaje.wlk","timeElapsed":405,"timestamp":"2025-07-02T12:52:22.720Z"}
{"level":"info","message":"⌛ Validating personaje.wlk","timeElapsed":394,"timestamp":"2025-07-02T12:52:23.115Z"}
{"level":"info","message":"⌛ Validating porovsbaron.wpgm","timeElapsed":370,"timestamp":"2025-07-02T12:52:23.705Z"}
{"level":"info","message":"⌛ Validating personaje.wlk","timeElapsed":351,"timestamp":"2025-07-02T12:52:24.242Z"}
{"level":"info","message":"⌛ Validating personaje.wlk","timeElapsed":367,"timestamp":"2025-07-02T12:52:24.610Z"}
{"level":"info","message":"⌛ Validating personaje.wlk","timeElapsed":383,"timestamp":"2025-07-02T12:52:24.994Z"}
{"level":"info","message":"⌛ Validating personaje.wlk","timeElapsed":419,"timestamp":"2025-07-02T12:52:25.414Z"}
{"level":"info","message":"⌛ Validating personaje.wlk","timeElapsed":387,"timestamp":"2025-07-02T12:52:25.802Z"}
{"level":"info","message":"⌛ Validating personaje.wlk","timeElapsed":422,"timestamp":"2025-07-02T12:52:26.345Z"}
{"level":"info","message":"⌛ Validating personaje.wlk","timeElapsed":517,"timestamp":"2025-07-02T12:52:26.864Z"}
{"level":"info","message":"⌛ Validating personaje.wlk","timeElapsed":516,"timestamp":"2025-07-02T12:52:27.460Z"}
{"level":"info","message":"⌛ Validating personaje.wlk","timeElapsed":585,"timestamp":"2025-07-02T12:52:28.046Z"}
{"level":"info","message":"⌛ Validating personaje.wlk","timeElapsed":466,"timestamp":"2025-07-02T12:52:28.528Z"}
{"level":"info","message":"⌛ Validating personaje.wlk","timeElapsed":975,"timestamp":"2025-07-02T12:52:30.221Z"}
{"level":"info","message":"⌛ Validating personaje.wlk","timeElapsed":900,"timestamp":"2025-07-02T12:52:31.262Z"}
{"level":"info","message":"⌛ Validating personaje.wlk","timeElapsed":475,"timestamp":"2025-07-02T12:52:31.893Z"}
{"level":"info","message":"⌛ Validating personaje.wlk","timeElapsed":452,"timestamp":"2025-07-02T12:52:32.512Z"}
{"level":"info","message":"⌛ Validating personaje.wlk","timeElapsed":465,"timestamp":"2025-07-02T12:52:33.026Z"}
{"level":"info","message":"⌛ Validating personaje.wlk","timeElapsed":435,"timestamp":"2025-07-02T12:52:33.464Z"}
{"exitCode":"SIGHUP","level":"info","message":"👾 Game executed porovsbaron.PoroVsBaron on c:\\Users\\leone\\Desktop\\Nueva carpeta\\TPGameIntegrador-code-carry","timeElapsed":2453175,"timestamp":"2025-07-02T12:52:42.179Z"}
