{"level":"info","message":"⌛ Validating interfaz.wlk","timeElapsed":151,"timestamp":"2025-06-21T18:58:12.343Z"}
{"level":"info","message":"⌛ Building environment","timeElapsed":145,"timestamp":"2025-06-21T18:58:12.490Z"}
{"level":"info","message":"⌛ Building environment","timeElapsed":265,"timestamp":"2025-06-21T18:58:12.765Z"}
{"level":"info","message":"⌛ Validating interfaz.wlk","timeElapsed":209,"timestamp":"2025-06-21T18:58:12.977Z"}
{"level":"info","message":"⌛ Building environment","timeElapsed":181,"timestamp":"2025-06-21T18:58:13.162Z"}
{"level":"info","message":"⌛ Building environment","timeElapsed":153,"timestamp":"2025-06-21T18:58:13.316Z"}
{"level":"info","message":"⌛ Validating interfaz.wlk","timeElapsed":228,"timestamp":"2025-06-21T18:58:13.568Z"}
{"level":"info","message":"⌛ Building environment","timeElapsed":154,"timestamp":"2025-06-21T18:58:13.750Z"}
{"level":"info","message":"⌛ Building environment","timeElapsed":153,"timestamp":"2025-06-21T18:58:13.910Z"}
{"level":"info","message":"⌛ Validating interfaz.wlk","timeElapsed":192,"timestamp":"2025-06-21T18:58:14.111Z"}
{"level":"info","message":"⌛ Validating interfaz.wlk","timeElapsed":147,"timestamp":"2025-06-21T18:58:14.281Z"}
{"level":"info","message":"⌛ Building environment","timeElapsed":140,"timestamp":"2025-06-21T18:58:14.423Z"}
{"level":"info","message":"⌛ Validating interfaz.wlk","timeElapsed":180,"timestamp":"2025-06-21T18:58:14.619Z"}
{"level":"info","message":"⌛ Validating interfaz.wlk","timeElapsed":171,"timestamp":"2025-06-21T18:58:14.811Z"}
{"level":"info","message":"⌛ Validating interfaz.wlk","timeElapsed":208,"timestamp":"2025-06-21T18:58:15.020Z"}
{"level":"info","message":"⌛ Validating interfaz.wlk","timeElapsed":171,"timestamp":"2025-06-21T18:58:15.207Z"}
{"level":"info","message":"⌛ Validating interfaz.wlk","timeElapsed":156,"timestamp":"2025-06-21T18:58:15.365Z"}
{"level":"info","message":"⌛ Building environment","timeElapsed":144,"timestamp":"2025-06-21T18:58:44.137Z"}
{"level":"info","message":"⌛ Building environment","timeElapsed":122,"timestamp":"2025-06-21T18:58:44.260Z"}
{"level":"info","message":"⌛ Validating menu.wlk","timeElapsed":215,"timestamp":"2025-06-21T18:58:44.489Z"}
{"level":"info","message":"⌛ Validating menu.wlk","timeElapsed":167,"timestamp":"2025-06-21T18:58:44.656Z"}
{"level":"info","message":"⌛ Building environment","timeElapsed":118,"timestamp":"2025-06-21T18:58:44.775Z"}
{"level":"info","message":"⌛ Building environment","timeElapsed":200,"timestamp":"2025-06-21T18:58:44.983Z"}
{"level":"info","message":"⌛ Building environment","timeElapsed":137,"timestamp":"2025-06-21T18:58:45.122Z"}
{"level":"info","message":"⌛ Building environment","timeElapsed":137,"timestamp":"2025-06-21T18:58:45.269Z"}
{"level":"info","message":"⌛ Validating menu.wlk","timeElapsed":207,"timestamp":"2025-06-21T18:58:45.477Z"}
{"level":"info","message":"⌛ Validating menu.wlk","timeElapsed":170,"timestamp":"2025-06-21T18:58:45.649Z"}
{"level":"info","message":"⌛ Building environment","timeElapsed":113,"timestamp":"2025-06-21T18:58:45.777Z"}
{"level":"info","message":"⌛ Validating menu.wlk","timeElapsed":179,"timestamp":"2025-06-21T18:58:45.956Z"}
{"level":"info","message":"⌛ Validating menu.wlk","timeElapsed":164,"timestamp":"2025-06-21T18:58:46.131Z"}
{"level":"info","message":"⌛ Building environment","timeElapsed":112,"timestamp":"2025-06-21T18:58:46.250Z"}
{"level":"info","message":"⌛ Building environment","timeElapsed":127,"timestamp":"2025-06-21T18:58:46.379Z"}
{"level":"info","message":"⌛ Validating menu.wlk","timeElapsed":167,"timestamp":"2025-06-21T18:58:46.565Z"}
{"level":"info","message":"⌛ Building environment","timeElapsed":179,"timestamp":"2025-06-21T18:58:46.755Z"}
{"level":"info","message":"⌛ Building environment","timeElapsed":124,"timestamp":"2025-06-21T18:58:46.888Z"}
{"level":"info","message":"⌛ Validating menu.wlk","timeElapsed":183,"timestamp":"2025-06-21T18:58:47.071Z"}
{"level":"info","message":"⌛ Building environment","timeElapsed":138,"timestamp":"2025-06-21T18:58:47.212Z"}
{"level":"info","message":"⌛ Validating menu.wlk","timeElapsed":200,"timestamp":"2025-06-21T18:58:47.417Z"}
{"level":"info","message":"⌛ Building environment","timeElapsed":108,"timestamp":"2025-06-21T18:58:47.526Z"}
{"level":"info","message":"⌛ Validating menu.wlk","timeElapsed":263,"timestamp":"2025-06-21T18:58:47.799Z"}
{"level":"info","message":"⌛ Validating menu.wlk","timeElapsed":184,"timestamp":"2025-06-21T18:58:48.004Z"}
{"level":"info","message":"⌛ Validating menu.wlk","timeElapsed":293,"timestamp":"2025-06-21T18:58:48.297Z"}
{"level":"info","message":"⌛ Validating menu.wlk","timeElapsed":191,"timestamp":"2025-06-21T18:58:48.489Z"}
{"errors":{"errors":[null,"INSTRUCCIONES\r\n        - ¡Recupera tus Porogalletas!\r\n        - El juego es por turnos y se juega con cartas (Q/W/E/R/T)\r\n        - Cada carta tiene un cooldown y efecto especial.\r\n        - Peleas en 3 niveles contra: \r\n        1. Larva del Vacio \r\n        2. Heraldo de la Grieta \r\n        3. Baron Nashor.\r\n        - Si ganas los 3 niveles, recuperas tus Porogalletas.\r\n        - Si pierdes, podes reintentar una vez mas el nivel.\r\n        - Si pierdes tus intentos, vuelves al inicio.\r\n\r\n        ENTER para vovler al menu"]},"level":"error","message":"✘ Failed to get type description: Error: {\n  \"errors\": [\n    null,\n    \"INSTRUCCIONES\\r\\n        - ¡Recupera tus Porogalletas!\\r\\n        - El juego es por turnos y se juega con cartas (Q/W/E/R/T)\\r\\n        - Cada carta tiene un cooldown y efecto especial.\\r\\n        - Peleas en 3 niveles contra: \\r\\n        1. Larva del Vacio \\r\\n        2. Heraldo de la Grieta \\r\\n        3. Baron Nashor.\\r\\n        - Si ganas los 3 niveles, recuperas tus Porogalletas.\\r\\n        - Si pierdes, podes reintentar una vez mas el nivel.\\r\\n        - Si pierdes tus intentos, vuelves al inicio.\\r\\n\\r\\n        ENTER para vovler al menu\"\n  ]\n} {\n  \"errors\": [\n    null,\n    \"INSTRUCCIONES\\r\\n        - ¡Recupera tus Porogalletas!\\r\\n        - El juego es por turnos y se juega con cartas (Q/W/E/R/T)\\r\\n        - Cada carta tiene un cooldown y efecto especial.\\r\\n        - Peleas en 3 niveles contra: \\r\\n        1. Larva del Vacio \\r\\n        2. Heraldo de la Grieta \\r\\n        3. Baron Nashor.\\r\\n        - Si ganas los 3 niveles, recuperas tus Porogalletas.\\r\\n        - Si pierdes, podes reintentar una vez mas el nivel.\\r\\n        - Si pierdes tus intentos, vuelves al inicio.\\r\\n\\r\\n        ENTER para vovler al menu\"\n  ]\n}","stack":"Error: {\n  \"errors\": [\n    null,\n    \"INSTRUCCIONES\\r\\n        - ¡Recupera tus Porogalletas!\\r\\n        - El juego es por turnos y se juega con cartas (Q/W/E/R/T)\\r\\n        - Cada carta tiene un cooldown y efecto especial.\\r\\n        - Peleas en 3 niveles contra: \\r\\n        1. Larva del Vacio \\r\\n        2. Heraldo de la Grieta \\r\\n        3. Baron Nashor.\\r\\n        - Si ganas los 3 niveles, recuperas tus Porogalletas.\\r\\n        - Si pierdes, podes reintentar una vez mas el nivel.\\r\\n        - Si pierdes tus intentos, vuelves al inicio.\\r\\n\\r\\n        ENTER para vovler al menu\"\n  ]\n}\n    at pS (c:\\Users\\Cris Ramirez\\.vscode\\extensions\\uqbar.wollok-lsp-ide-0.5.2\\out\\server\\src\\server.js:64:34609)\n    at G1 (c:\\Users\\Cris Ramirez\\.vscode\\extensions\\uqbar.wollok-lsp-ide-0.5.2\\out\\server\\src\\server.js:64:34682)\n    at c:\\Users\\Cris Ramirez\\.vscode\\extensions\\uqbar.wollok-lsp-ide-0.5.2\\out\\server\\src\\server.js:64:37949\n    at o.v1 (c:\\Users\\Cris Ramirez\\.vscode\\extensions\\uqbar.wollok-lsp-ide-0.5.2\\out\\server\\src\\server.js:57:57694)\n    at c:\\Users\\Cris Ramirez\\.vscode\\extensions\\uqbar.wollok-lsp-ide-0.5.2\\out\\server\\src\\server.js:64:37918\n    at c:\\Users\\Cris Ramirez\\.vscode\\extensions\\uqbar.wollok-lsp-ide-0.5.2\\out\\server\\src\\server.js:57:55723\n    at c:\\Users\\Cris Ramirez\\.vscode\\extensions\\uqbar.wollok-lsp-ide-0.5.2\\out\\server\\src\\server.js:68:7948\n    at c:\\Users\\Cris Ramirez\\.vscode\\extensions\\uqbar.wollok-lsp-ide-0.5.2\\out\\server\\src\\server.js:38:6131\n    at c:\\Users\\Cris Ramirez\\.vscode\\extensions\\uqbar.wollok-lsp-ide-0.5.2\\out\\server\\src\\server.js:68:3664\n    at jbn (c:\\Users\\Cris Ramirez\\.vscode\\extensions\\uqbar.wollok-lsp-ide-0.5.2\\out\\server\\src\\server.js:68:3396)","timestamp":"2025-06-21T18:58:52.766Z"}
{"errors":{"errors":[null,"INSTRUCCIONES\r\n        - ¡Recupera tus Porogalletas!\r\n        - El juego es por turnos y se juega con cartas (Q/W/E/R/T)\r\n        - Cada carta tiene un cooldown y efecto especial.\r\n        - Peleas en 3 niveles contra: \r\n        1. Larva del Vacio \r\n        2. Heraldo de la Grieta \r\n        3. Baron Nashor.\r\n        - Si ganas los 3 niveles, recuperas tus Porogalletas.\r\n        - Si pierdes, podes reintentar una vez mas el nivel.\r\n        - Si pierdes tus intentos, vuelves al inicio.\r\n\r\n        ENTER para vovler al menu"]},"level":"error","message":"✘ Failed to get type description: Error: {\n  \"errors\": [\n    null,\n    \"INSTRUCCIONES\\r\\n        - ¡Recupera tus Porogalletas!\\r\\n        - El juego es por turnos y se juega con cartas (Q/W/E/R/T)\\r\\n        - Cada carta tiene un cooldown y efecto especial.\\r\\n        - Peleas en 3 niveles contra: \\r\\n        1. Larva del Vacio \\r\\n        2. Heraldo de la Grieta \\r\\n        3. Baron Nashor.\\r\\n        - Si ganas los 3 niveles, recuperas tus Porogalletas.\\r\\n        - Si pierdes, podes reintentar una vez mas el nivel.\\r\\n        - Si pierdes tus intentos, vuelves al inicio.\\r\\n\\r\\n        ENTER para vovler al menu\"\n  ]\n} {\n  \"errors\": [\n    null,\n    \"INSTRUCCIONES\\r\\n        - ¡Recupera tus Porogalletas!\\r\\n        - El juego es por turnos y se juega con cartas (Q/W/E/R/T)\\r\\n        - Cada carta tiene un cooldown y efecto especial.\\r\\n        - Peleas en 3 niveles contra: \\r\\n        1. Larva del Vacio \\r\\n        2. Heraldo de la Grieta \\r\\n        3. Baron Nashor.\\r\\n        - Si ganas los 3 niveles, recuperas tus Porogalletas.\\r\\n        - Si pierdes, podes reintentar una vez mas el nivel.\\r\\n        - Si pierdes tus intentos, vuelves al inicio.\\r\\n\\r\\n        ENTER para vovler al menu\"\n  ]\n}","stack":"Error: {\n  \"errors\": [\n    null,\n    \"INSTRUCCIONES\\r\\n        - ¡Recupera tus Porogalletas!\\r\\n        - El juego es por turnos y se juega con cartas (Q/W/E/R/T)\\r\\n        - Cada carta tiene un cooldown y efecto especial.\\r\\n        - Peleas en 3 niveles contra: \\r\\n        1. Larva del Vacio \\r\\n        2. Heraldo de la Grieta \\r\\n        3. Baron Nashor.\\r\\n        - Si ganas los 3 niveles, recuperas tus Porogalletas.\\r\\n        - Si pierdes, podes reintentar una vez mas el nivel.\\r\\n        - Si pierdes tus intentos, vuelves al inicio.\\r\\n\\r\\n        ENTER para vovler al menu\"\n  ]\n}\n    at pS (c:\\Users\\Cris Ramirez\\.vscode\\extensions\\uqbar.wollok-lsp-ide-0.5.2\\out\\server\\src\\server.js:64:34609)\n    at G1 (c:\\Users\\Cris Ramirez\\.vscode\\extensions\\uqbar.wollok-lsp-ide-0.5.2\\out\\server\\src\\server.js:64:34682)\n    at c:\\Users\\Cris Ramirez\\.vscode\\extensions\\uqbar.wollok-lsp-ide-0.5.2\\out\\server\\src\\server.js:64:37949\n    at o.v1 (c:\\Users\\Cris Ramirez\\.vscode\\extensions\\uqbar.wollok-lsp-ide-0.5.2\\out\\server\\src\\server.js:57:57694)\n    at c:\\Users\\Cris Ramirez\\.vscode\\extensions\\uqbar.wollok-lsp-ide-0.5.2\\out\\server\\src\\server.js:64:37918\n    at c:\\Users\\Cris Ramirez\\.vscode\\extensions\\uqbar.wollok-lsp-ide-0.5.2\\out\\server\\src\\server.js:57:55723\n    at c:\\Users\\Cris Ramirez\\.vscode\\extensions\\uqbar.wollok-lsp-ide-0.5.2\\out\\server\\src\\server.js:68:7948\n    at c:\\Users\\Cris Ramirez\\.vscode\\extensions\\uqbar.wollok-lsp-ide-0.5.2\\out\\server\\src\\server.js:38:6131\n    at c:\\Users\\Cris Ramirez\\.vscode\\extensions\\uqbar.wollok-lsp-ide-0.5.2\\out\\server\\src\\server.js:68:3664\n    at jbn (c:\\Users\\Cris Ramirez\\.vscode\\extensions\\uqbar.wollok-lsp-ide-0.5.2\\out\\server\\src\\server.js:68:3396)","timestamp":"2025-06-21T18:58:53.726Z"}
{"level":"info","message":"⌛ Building environment","timeElapsed":350,"timestamp":"2025-06-21T18:58:56.302Z"}
{"level":"info","message":"⌛ Building environment","timeElapsed":250,"timestamp":"2025-06-21T18:58:56.556Z"}
{"level":"info","message":"⌛ Building environment","timeElapsed":203,"timestamp":"2025-06-21T18:58:56.805Z"}
{"level":"info","message":"⌛ Validating interfaz.wlk","timeElapsed":186,"timestamp":"2025-06-21T18:58:56.992Z"}
{"level":"info","message":"⌛ Building environment","timeElapsed":175,"timestamp":"2025-06-21T18:58:57.167Z"}
{"level":"info","message":"⌛ Validating interfaz.wlk","timeElapsed":192,"timestamp":"2025-06-21T18:58:57.359Z"}
{"level":"info","message":"⌛ Building environment","timeElapsed":161,"timestamp":"2025-06-21T18:58:57.521Z"}
{"level":"info","message":"⌛ Building environment","timeElapsed":184,"timestamp":"2025-06-21T18:58:57.706Z"}
{"level":"info","message":"⌛ Building environment","timeElapsed":158,"timestamp":"2025-06-21T18:58:57.864Z"}
{"level":"info","message":"⌛ Validating interfaz.wlk","timeElapsed":169,"timestamp":"2025-06-21T18:58:58.072Z"}
{"level":"info","message":"⌛ Validating interfaz.wlk","timeElapsed":165,"timestamp":"2025-06-21T18:58:58.258Z"}
{"level":"info","message":"⌛ Building environment","timeElapsed":506,"timestamp":"2025-06-21T18:58:58.765Z"}
{"level":"info","message":"⌛ Building environment","timeElapsed":155,"timestamp":"2025-06-21T18:58:58.920Z"}
{"level":"info","message":"⌛ Validating interfaz.wlk","timeElapsed":168,"timestamp":"2025-06-21T18:58:59.101Z"}
{"level":"info","message":"⌛ Validating interfaz.wlk","timeElapsed":168,"timestamp":"2025-06-21T18:58:59.296Z"}
{"level":"info","message":"⌛ Validating interfaz.wlk","timeElapsed":154,"timestamp":"2025-06-21T18:58:59.451Z"}
{"level":"info","message":"⌛ Building environment","timeElapsed":169,"timestamp":"2025-06-21T18:58:59.622Z"}
{"level":"info","message":"⌛ Validating interfaz.wlk","timeElapsed":262,"timestamp":"2025-06-21T18:58:59.994Z"}
{"level":"info","message":"⌛ Validating interfaz.wlk","timeElapsed":181,"timestamp":"2025-06-21T18:59:00.176Z"}
{"level":"info","message":"⌛ Validating interfaz.wlk","timeElapsed":350,"timestamp":"2025-06-21T18:59:00.532Z"}
{"level":"info","message":"⌛ Building environment","timeElapsed":200,"timestamp":"2025-06-21T18:59:03.633Z"}
{"level":"info","message":"⌛ Validating interfaz.wlk","timeElapsed":169,"timestamp":"2025-06-21T18:59:03.802Z"}
{"level":"info","message":"⌛ Building environment","timeElapsed":164,"timestamp":"2025-06-21T18:59:04.631Z"}
{"level":"info","message":"⌛ Validating interfaz.wlk","timeElapsed":175,"timestamp":"2025-06-21T18:59:04.806Z"}
{"level":"info","message":"⌛ Building environment","timeElapsed":187,"timestamp":"2025-06-21T18:59:07.715Z"}
{"level":"info","message":"⌛ Validating interfaz.wlk","timeElapsed":177,"timestamp":"2025-06-21T18:59:07.906Z"}
{"level":"info","message":"⌛ Building environment","timeElapsed":171,"timestamp":"2025-06-21T18:59:08.263Z"}
{"level":"info","message":"⌛ Building environment","timeElapsed":189,"timestamp":"2025-06-21T18:59:08.453Z"}
{"level":"info","message":"⌛ Validating interfaz.wlk","timeElapsed":170,"timestamp":"2025-06-21T18:59:08.634Z"}
{"level":"info","message":"⌛ Building environment","timeElapsed":227,"timestamp":"2025-06-21T18:59:08.862Z"}
{"level":"info","message":"⌛ Validating interfaz.wlk","timeElapsed":167,"timestamp":"2025-06-21T18:59:09.039Z"}
{"level":"info","message":"⌛ Building environment","timeElapsed":168,"timestamp":"2025-06-21T18:59:09.217Z"}
{"level":"info","message":"⌛ Building environment","timeElapsed":248,"timestamp":"2025-06-21T18:59:09.476Z"}
{"level":"info","message":"⌛ Validating interfaz.wlk","timeElapsed":220,"timestamp":"2025-06-21T18:59:09.696Z"}
{"level":"info","message":"⌛ Building environment","timeElapsed":203,"timestamp":"2025-06-21T18:59:09.899Z"}
{"level":"info","message":"⌛ Building environment","timeElapsed":188,"timestamp":"2025-06-21T18:59:10.087Z"}
{"level":"info","message":"⌛ Building environment","timeElapsed":153,"timestamp":"2025-06-21T18:59:10.250Z"}
{"level":"info","message":"⌛ Validating interfaz.wlk","timeElapsed":168,"timestamp":"2025-06-21T18:59:10.419Z"}
{"level":"info","message":"⌛ Building environment","timeElapsed":157,"timestamp":"2025-06-21T18:59:10.576Z"}
{"level":"info","message":"⌛ Building environment","timeElapsed":155,"timestamp":"2025-06-21T18:59:10.732Z"}
{"level":"info","message":"⌛ Validating interfaz.wlk","timeElapsed":181,"timestamp":"2025-06-21T18:59:10.927Z"}
{"level":"info","message":"⌛ Building environment","timeElapsed":175,"timestamp":"2025-06-21T18:59:11.102Z"}
{"level":"info","message":"⌛ Building environment","timeElapsed":232,"timestamp":"2025-06-21T18:59:11.346Z"}
{"level":"info","message":"⌛ Validating interfaz.wlk","timeElapsed":204,"timestamp":"2025-06-21T18:59:11.604Z"}
{"level":"info","message":"⌛ Validating interfaz.wlk","timeElapsed":173,"timestamp":"2025-06-21T18:59:11.795Z"}
{"level":"info","message":"⌛ Validating interfaz.wlk","timeElapsed":173,"timestamp":"2025-06-21T18:59:11.972Z"}
{"level":"info","message":"⌛ Validating interfaz.wlk","timeElapsed":210,"timestamp":"2025-06-21T18:59:12.183Z"}
{"level":"info","message":"⌛ Validating interfaz.wlk","timeElapsed":166,"timestamp":"2025-06-21T18:59:12.365Z"}
{"level":"info","message":"⌛ Building environment","timeElapsed":187,"timestamp":"2025-06-21T18:59:12.552Z"}
{"level":"error","message":"✘ Completions for node Literal ([101:26, 101:33] - interfaz.wlk) failed: Error: [Literal]{d27a67} at interfaz.wlk:101 exhausted all cases without a match [Literal]{d27a67} at interfaz.wlk:101 exhausted all cases without a match","stack":"Error: [Literal]{d27a67} at interfaz.wlk:101 exhausted all cases without a match\n    at c:\\Users\\Cris Ramirez\\.vscode\\extensions\\uqbar.wollok-lsp-ide-0.5.2\\out\\server\\src\\server.js:38:6142\n    at C2 (c:\\Users\\Cris Ramirez\\.vscode\\extensions\\uqbar.wollok-lsp-ide-0.5.2\\out\\server\\src\\server.js:2362:42)\n    at c:\\Users\\Cris Ramirez\\.vscode\\extensions\\uqbar.wollok-lsp-ide-0.5.2\\out\\server\\src\\server.js:2362:2988\n    at c:\\Users\\Cris Ramirez\\.vscode\\extensions\\uqbar.wollok-lsp-ide-0.5.2\\out\\server\\src\\server.js:2371:8440\n    at c:\\Users\\Cris Ramirez\\.vscode\\extensions\\uqbar.wollok-lsp-ide-0.5.2\\out\\server\\src\\server.js:37:74872\n    at Ye (c:\\Users\\Cris Ramirez\\.vscode\\extensions\\uqbar.wollok-lsp-ide-0.5.2\\out\\server\\src\\server.js:7:8527)\n    at Dt (c:\\Users\\Cris Ramirez\\.vscode\\extensions\\uqbar.wollok-lsp-ide-0.5.2\\out\\server\\src\\server.js:7:6189)\n    at Zi (c:\\Users\\Cris Ramirez\\.vscode\\extensions\\uqbar.wollok-lsp-ide-0.5.2\\out\\server\\src\\server.js:7:6378)\n    at Immediate._onImmediate (c:\\Users\\Cris Ramirez\\.vscode\\extensions\\uqbar.wollok-lsp-ide-0.5.2\\out\\server\\src\\server.js:7:6142)\n    at process.processImmediate (node:internal/timers:485:21)","timestamp":"2025-06-21T18:59:12.597Z"}
{"level":"error","message":"✘ Completions for node Send ([101:8, 101:34] - interfaz.wlk) failed: Error: [Send]{2d4d72} at interfaz.wlk:101 exhausted all cases without a match [Send]{2d4d72} at interfaz.wlk:101 exhausted all cases without a match","stack":"Error: [Send]{2d4d72} at interfaz.wlk:101 exhausted all cases without a match\n    at c:\\Users\\Cris Ramirez\\.vscode\\extensions\\uqbar.wollok-lsp-ide-0.5.2\\out\\server\\src\\server.js:38:6142\n    at C2 (c:\\Users\\Cris Ramirez\\.vscode\\extensions\\uqbar.wollok-lsp-ide-0.5.2\\out\\server\\src\\server.js:2362:42)\n    at Gh (c:\\Users\\Cris Ramirez\\.vscode\\extensions\\uqbar.wollok-lsp-ide-0.5.2\\out\\server\\src\\server.js:2362:1092)\n    at C2 (c:\\Users\\Cris Ramirez\\.vscode\\extensions\\uqbar.wollok-lsp-ide-0.5.2\\out\\server\\src\\server.js:2362:544)\n    at c:\\Users\\Cris Ramirez\\.vscode\\extensions\\uqbar.wollok-lsp-ide-0.5.2\\out\\server\\src\\server.js:2362:2988\n    at c:\\Users\\Cris Ramirez\\.vscode\\extensions\\uqbar.wollok-lsp-ide-0.5.2\\out\\server\\src\\server.js:2371:8440\n    at c:\\Users\\Cris Ramirez\\.vscode\\extensions\\uqbar.wollok-lsp-ide-0.5.2\\out\\server\\src\\server.js:37:74872\n    at Ye (c:\\Users\\Cris Ramirez\\.vscode\\extensions\\uqbar.wollok-lsp-ide-0.5.2\\out\\server\\src\\server.js:7:8527)\n    at Dt (c:\\Users\\Cris Ramirez\\.vscode\\extensions\\uqbar.wollok-lsp-ide-0.5.2\\out\\server\\src\\server.js:7:6189)\n    at Zi (c:\\Users\\Cris Ramirez\\.vscode\\extensions\\uqbar.wollok-lsp-ide-0.5.2\\out\\server\\src\\server.js:7:6378)","timestamp":"2025-06-21T18:59:12.598Z"}
{"level":"info","message":"⌛ Validating interfaz.wlk","timeElapsed":176,"timestamp":"2025-06-21T18:59:12.822Z"}
{"level":"info","message":"⌛ Building environment","timeElapsed":188,"timestamp":"2025-06-21T18:59:13.010Z"}
{"level":"info","message":"⌛ Building environment","timeElapsed":436,"timestamp":"2025-06-21T18:59:13.447Z"}
{"level":"info","message":"⌛ Validating interfaz.wlk","timeElapsed":176,"timestamp":"2025-06-21T18:59:13.624Z"}
{"level":"info","message":"⌛ Building environment","timeElapsed":359,"timestamp":"2025-06-21T18:59:13.986Z"}
{"level":"info","message":"⌛ Building environment","timeElapsed":186,"timestamp":"2025-06-21T18:59:14.172Z"}
{"level":"info","message":"⌛ Building environment","timeElapsed":168,"timestamp":"2025-06-21T18:59:14.340Z"}
{"level":"info","message":"⌛ Building environment","timeElapsed":185,"timestamp":"2025-06-21T18:59:14.526Z"}
{"level":"info","message":"⌛ Building environment","timeElapsed":341,"timestamp":"2025-06-21T18:59:14.869Z"}
{"level":"info","message":"⌛ Building environment","timeElapsed":170,"timestamp":"2025-06-21T18:59:15.039Z"}
{"level":"info","message":"⌛ Building environment","timeElapsed":183,"timestamp":"2025-06-21T18:59:15.222Z"}
{"level":"info","message":"⌛ Building environment","timeElapsed":267,"timestamp":"2025-06-21T18:59:15.490Z"}
{"level":"info","message":"⌛ Validating interfaz.wlk","timeElapsed":247,"timestamp":"2025-06-21T18:59:15.738Z"}
{"level":"info","message":"⌛ Building environment","timeElapsed":207,"timestamp":"2025-06-21T18:59:15.946Z"}
{"level":"info","message":"⌛ Building environment","timeElapsed":157,"timestamp":"2025-06-21T18:59:16.107Z"}
{"level":"info","message":"⌛ Building environment","timeElapsed":186,"timestamp":"2025-06-21T18:59:16.295Z"}
{"level":"info","message":"⌛ Building environment","timeElapsed":160,"timestamp":"2025-06-21T18:59:16.456Z"}
{"level":"info","message":"⌛ Validating interfaz.wlk","timeElapsed":251,"timestamp":"2025-06-21T18:59:16.770Z"}
{"level":"info","message":"⌛ Validating interfaz.wlk","timeElapsed":155,"timestamp":"2025-06-21T18:59:16.945Z"}
{"level":"info","message":"⌛ Building environment","timeElapsed":194,"timestamp":"2025-06-21T18:59:17.140Z"}
{"level":"info","message":"⌛ Building environment","timeElapsed":176,"timestamp":"2025-06-21T18:59:17.344Z"}
{"level":"info","message":"⌛ Validating interfaz.wlk","timeElapsed":191,"timestamp":"2025-06-21T18:59:17.537Z"}
{"level":"info","message":"⌛ Validating interfaz.wlk","timeElapsed":257,"timestamp":"2025-06-21T18:59:17.822Z"}
{"level":"info","message":"⌛ Building environment","timeElapsed":167,"timestamp":"2025-06-21T18:59:17.990Z"}
{"level":"info","message":"⌛ Validating interfaz.wlk","timeElapsed":170,"timestamp":"2025-06-21T18:59:18.160Z"}
{"level":"info","message":"⌛ Validating interfaz.wlk","timeElapsed":193,"timestamp":"2025-06-21T18:59:18.356Z"}
{"level":"info","message":"⌛ Building environment","timeElapsed":283,"timestamp":"2025-06-21T18:59:18.677Z"}
{"level":"info","message":"⌛ Validating interfaz.wlk","timeElapsed":163,"timestamp":"2025-06-21T18:59:18.866Z"}
{"level":"info","message":"⌛ Validating interfaz.wlk","timeElapsed":163,"timestamp":"2025-06-21T18:59:19.033Z"}
{"level":"info","message":"⌛ Validating interfaz.wlk","timeElapsed":173,"timestamp":"2025-06-21T18:59:19.207Z"}
{"level":"info","message":"⌛ Validating interfaz.wlk","timeElapsed":285,"timestamp":"2025-06-21T18:59:19.492Z"}
{"level":"info","message":"⌛ Validating interfaz.wlk","timeElapsed":157,"timestamp":"2025-06-21T18:59:19.651Z"}
{"level":"info","message":"⌛ Validating interfaz.wlk","timeElapsed":167,"timestamp":"2025-06-21T18:59:19.833Z"}
{"level":"info","message":"⌛ Validating interfaz.wlk","timeElapsed":176,"timestamp":"2025-06-21T18:59:20.010Z"}
{"level":"info","message":"⌛ Validating interfaz.wlk","timeElapsed":157,"timestamp":"2025-06-21T18:59:20.168Z"}
{"level":"info","message":"⌛ Validating interfaz.wlk","timeElapsed":155,"timestamp":"2025-06-21T18:59:20.324Z"}
{"level":"info","message":"⌛ Validating interfaz.wlk","timeElapsed":205,"timestamp":"2025-06-21T18:59:20.543Z"}
{"level":"info","message":"⌛ Validating interfaz.wlk","timeElapsed":161,"timestamp":"2025-06-21T18:59:20.727Z"}
{"level":"info","message":"⌛ Validating interfaz.wlk","timeElapsed":196,"timestamp":"2025-06-21T18:59:20.954Z"}
{"level":"info","message":"⌛ Building environment","timeElapsed":108,"timestamp":"2025-06-21T18:59:27.235Z"}
{"level":"info","message":"⌛ Validating nivel.wlk","timeElapsed":176,"timestamp":"2025-06-21T18:59:27.412Z"}
{"level":"info","message":"⌛ Building environment","timeElapsed":117,"timestamp":"2025-06-21T18:59:27.529Z"}
{"level":"info","message":"⌛ Validating nivel.wlk","timeElapsed":178,"timestamp":"2025-06-21T18:59:27.769Z"}
{"level":"info","message":"⌛ Building environment","timeElapsed":118,"timestamp":"2025-06-21T18:59:27.889Z"}
{"level":"info","message":"⌛ Building environment","timeElapsed":118,"timestamp":"2025-06-21T18:59:28.007Z"}
{"level":"info","message":"⌛ Building environment","timeElapsed":136,"timestamp":"2025-06-21T18:59:28.145Z"}
{"level":"info","message":"⌛ Validating nivel.wlk","timeElapsed":184,"timestamp":"2025-06-21T18:59:28.331Z"}
{"level":"info","message":"⌛ Validating nivel.wlk","timeElapsed":328,"timestamp":"2025-06-21T18:59:28.659Z"}
{"level":"info","message":"⌛ Building environment","timeElapsed":103,"timestamp":"2025-06-21T18:59:28.762Z"}
{"level":"info","message":"⌛ Validating nivel.wlk","timeElapsed":302,"timestamp":"2025-06-21T18:59:29.106Z"}
{"level":"info","message":"⌛ Validating nivel.wlk","timeElapsed":174,"timestamp":"2025-06-21T18:59:29.287Z"}
{"level":"info","message":"⌛ Building environment","timeElapsed":101,"timestamp":"2025-06-21T18:59:29.539Z"}
{"level":"info","message":"⌛ Building environment","timeElapsed":103,"timestamp":"2025-06-21T18:59:29.807Z"}
{"level":"info","message":"⌛ Building environment","timeElapsed":103,"timestamp":"2025-06-21T18:59:29.953Z"}
{"level":"info","message":"⌛ Validating nivel.wlk","timeElapsed":177,"timestamp":"2025-06-21T18:59:30.171Z"}
{"level":"info","message":"⌛ Validating nivel.wlk","timeElapsed":156,"timestamp":"2025-06-21T18:59:30.328Z"}
{"level":"info","message":"⌛ Building environment","timeElapsed":106,"timestamp":"2025-06-21T18:59:30.541Z"}
{"level":"info","message":"⌛ Validating nivel.wlk","timeElapsed":166,"timestamp":"2025-06-21T18:59:30.707Z"}
{"level":"info","message":"⌛ Validating nivel.wlk","timeElapsed":165,"timestamp":"2025-06-21T18:59:30.872Z"}
{"level":"info","message":"⌛ Validating nivel.wlk","timeElapsed":163,"timestamp":"2025-06-21T18:59:31.045Z"}
{"level":"info","message":"⌛ Validating nivel.wlk","timeElapsed":189,"timestamp":"2025-06-21T18:59:31.235Z"}
{"level":"info","message":"⌛ Building environment","timeElapsed":106,"timestamp":"2025-06-21T18:59:31.343Z"}
{"level":"info","message":"⌛ Building environment","timeElapsed":110,"timestamp":"2025-06-21T18:59:31.464Z"}
{"level":"info","message":"⌛ Validating nivel.wlk","timeElapsed":187,"timestamp":"2025-06-21T18:59:31.651Z"}
{"level":"info","message":"⌛ Validating nivel.wlk","timeElapsed":155,"timestamp":"2025-06-21T18:59:31.812Z"}
{"level":"info","message":"⌛ Building environment","timeElapsed":102,"timestamp":"2025-06-21T18:59:31.923Z"}
{"level":"info","message":"⌛ Validating nivel.wlk","timeElapsed":163,"timestamp":"2025-06-21T18:59:32.093Z"}
{"level":"info","message":"⌛ Building environment","timeElapsed":264,"timestamp":"2025-06-21T18:59:32.384Z"}
{"level":"info","message":"⌛ Building environment","timeElapsed":214,"timestamp":"2025-06-21T18:59:32.654Z"}
{"level":"info","message":"⌛ Validating nivel.wlk","timeElapsed":166,"timestamp":"2025-06-21T18:59:32.821Z"}
{"level":"info","message":"⌛ Building environment","timeElapsed":190,"timestamp":"2025-06-21T18:59:33.118Z"}
{"level":"info","message":"⌛ Building environment","timeElapsed":108,"timestamp":"2025-06-21T18:59:33.227Z"}
{"level":"info","message":"⌛ Building environment","timeElapsed":167,"timestamp":"2025-06-21T18:59:33.438Z"}
{"level":"info","message":"⌛ Validating nivel.wlk","timeElapsed":165,"timestamp":"2025-06-21T18:59:33.604Z"}
{"level":"info","message":"⌛ Validating nivel.wlk","timeElapsed":193,"timestamp":"2025-06-21T18:59:33.801Z"}
{"level":"info","message":"⌛ Building environment","timeElapsed":116,"timestamp":"2025-06-21T18:59:33.930Z"}
{"level":"info","message":"⌛ Validating nivel.wlk","timeElapsed":164,"timestamp":"2025-06-21T18:59:34.095Z"}
{"level":"info","message":"⌛ Validating nivel.wlk","timeElapsed":157,"timestamp":"2025-06-21T18:59:34.257Z"}
{"level":"info","message":"⌛ Validating nivel.wlk","timeElapsed":160,"timestamp":"2025-06-21T18:59:34.524Z"}
{"level":"info","message":"⌛ Building environment","timeElapsed":198,"timestamp":"2025-06-21T18:59:34.732Z"}
{"level":"info","message":"⌛ Building environment","timeElapsed":118,"timestamp":"2025-06-21T18:59:34.863Z"}
{"level":"info","message":"⌛ Validating nivel.wlk","timeElapsed":165,"timestamp":"2025-06-21T18:59:35.036Z"}
{"level":"info","message":"⌛ Validating nivel.wlk","timeElapsed":170,"timestamp":"2025-06-21T18:59:35.210Z"}
{"level":"info","message":"⌛ Validating nivel.wlk","timeElapsed":198,"timestamp":"2025-06-21T18:59:35.411Z"}
{"level":"info","message":"⌛ Building environment","timeElapsed":101,"timestamp":"2025-06-21T18:59:35.512Z"}
{"level":"info","message":"⌛ Validating nivel.wlk","timeElapsed":207,"timestamp":"2025-06-21T18:59:35.720Z"}
{"level":"info","message":"⌛ Building environment","timeElapsed":138,"timestamp":"2025-06-21T18:59:35.867Z"}
{"level":"info","message":"⌛ Building environment","timeElapsed":185,"timestamp":"2025-06-21T18:59:36.071Z"}
{"level":"info","message":"⌛ Validating nivel.wlk","timeElapsed":176,"timestamp":"2025-06-21T18:59:36.246Z"}
{"level":"info","message":"⌛ Building environment","timeElapsed":105,"timestamp":"2025-06-21T18:59:36.352Z"}
{"level":"info","message":"⌛ Building environment","timeElapsed":119,"timestamp":"2025-06-21T18:59:36.472Z"}
{"level":"info","message":"⌛ Building environment","timeElapsed":111,"timestamp":"2025-06-21T18:59:36.587Z"}
{"level":"info","message":"⌛ Validating nivel.wlk","timeElapsed":187,"timestamp":"2025-06-21T18:59:36.775Z"}
{"level":"info","message":"⌛ Building environment","timeElapsed":119,"timestamp":"2025-06-21T18:59:36.893Z"}
{"level":"info","message":"⌛ Validating nivel.wlk","timeElapsed":172,"timestamp":"2025-06-21T18:59:37.066Z"}
{"level":"info","message":"⌛ Building environment","timeElapsed":102,"timestamp":"2025-06-21T18:59:37.168Z"}
{"level":"info","message":"⌛ Validating nivel.wlk","timeElapsed":174,"timestamp":"2025-06-21T18:59:37.342Z"}
{"level":"info","message":"⌛ Validating nivel.wlk","timeElapsed":160,"timestamp":"2025-06-21T18:59:37.609Z"}
{"level":"info","message":"⌛ Building environment","timeElapsed":108,"timestamp":"2025-06-21T18:59:37.717Z"}
{"level":"info","message":"⌛ Validating nivel.wlk","timeElapsed":174,"timestamp":"2025-06-21T18:59:37.891Z"}
{"level":"info","message":"⌛ Building environment","timeElapsed":110,"timestamp":"2025-06-21T18:59:38.106Z"}
{"level":"info","message":"⌛ Validating nivel.wlk","timeElapsed":162,"timestamp":"2025-06-21T18:59:38.268Z"}
{"level":"info","message":"⌛ Building environment","timeElapsed":108,"timestamp":"2025-06-21T18:59:38.379Z"}
{"level":"info","message":"⌛ Validating nivel.wlk","timeElapsed":166,"timestamp":"2025-06-21T18:59:38.557Z"}
{"level":"info","message":"⌛ Building environment","timeElapsed":151,"timestamp":"2025-06-21T18:59:38.806Z"}
{"level":"info","message":"⌛ Validating nivel.wlk","timeElapsed":192,"timestamp":"2025-06-21T18:59:39.047Z"}
{"level":"info","message":"⌛ Validating nivel.wlk","timeElapsed":186,"timestamp":"2025-06-21T18:59:39.241Z"}
{"level":"info","message":"⌛ Validating nivel.wlk","timeElapsed":190,"timestamp":"2025-06-21T18:59:39.432Z"}
{"level":"info","message":"⌛ Validating nivel.wlk","timeElapsed":184,"timestamp":"2025-06-21T18:59:39.621Z"}
{"level":"info","message":"⌛ Validating nivel.wlk","timeElapsed":161,"timestamp":"2025-06-21T18:59:39.782Z"}
{"level":"info","message":"⌛ Validating nivel.wlk","timeElapsed":353,"timestamp":"2025-06-21T18:59:40.140Z"}
{"level":"info","message":"⌛ Building environment","timeElapsed":116,"timestamp":"2025-06-21T18:59:40.257Z"}
{"level":"info","message":"⌛ Building environment","timeElapsed":110,"timestamp":"2025-06-21T18:59:40.368Z"}
{"level":"info","message":"⌛ Building environment","timeElapsed":107,"timestamp":"2025-06-21T18:59:40.475Z"}
{"level":"info","message":"⌛ Building environment","timeElapsed":201,"timestamp":"2025-06-21T18:59:40.676Z"}
{"level":"info","message":"⌛ Building environment","timeElapsed":208,"timestamp":"2025-06-21T18:59:40.902Z"}
{"level":"info","message":"⌛ Building environment","timeElapsed":120,"timestamp":"2025-06-21T18:59:41.023Z"}
{"level":"info","message":"⌛ Building environment","timeElapsed":142,"timestamp":"2025-06-21T18:59:41.166Z"}
{"level":"info","message":"⌛ Building environment","timeElapsed":282,"timestamp":"2025-06-21T18:59:41.450Z"}
{"level":"info","message":"⌛ Validating nivel.wlk","timeElapsed":200,"timestamp":"2025-06-21T18:59:41.651Z"}
{"level":"info","message":"⌛ Building environment","timeElapsed":105,"timestamp":"2025-06-21T18:59:41.757Z"}
{"level":"info","message":"⌛ Validating nivel.wlk","timeElapsed":208,"timestamp":"2025-06-21T18:59:41.966Z"}
{"level":"info","message":"⌛ Validating nivel.wlk","timeElapsed":214,"timestamp":"2025-06-21T18:59:42.180Z"}
{"level":"info","message":"⌛ Validating nivel.wlk","timeElapsed":207,"timestamp":"2025-06-21T18:59:42.400Z"}
{"level":"info","message":"⌛ Validating nivel.wlk","timeElapsed":371,"timestamp":"2025-06-21T18:59:42.771Z"}
{"level":"info","message":"⌛ Validating nivel.wlk","timeElapsed":254,"timestamp":"2025-06-21T18:59:43.026Z"}
{"level":"info","message":"⌛ Validating nivel.wlk","timeElapsed":186,"timestamp":"2025-06-21T18:59:43.253Z"}
{"level":"info","message":"⌛ Validating nivel.wlk","timeElapsed":168,"timestamp":"2025-06-21T18:59:43.422Z"}
{"level":"info","message":"⌛ Validating nivel.wlk","timeElapsed":160,"timestamp":"2025-06-21T18:59:43.583Z"}
{"level":"info","message":"⌛ Building environment","timeElapsed":223,"timestamp":"2025-06-21T19:00:05.355Z"}
{"level":"info","message":"⌛ Validating menu.wlk","timeElapsed":299,"timestamp":"2025-06-21T19:00:05.672Z"}
{"level":"info","message":"⌛ Building environment","timeElapsed":219,"timestamp":"2025-06-21T19:17:32.299Z"}
{"level":"info","message":"⌛ Validating interfaz.wlk","timeElapsed":272,"timestamp":"2025-06-21T19:17:32.582Z"}
{"level":"info","message":"⌛ Building environment","timeElapsed":201,"timestamp":"2025-06-21T19:17:32.792Z"}
{"level":"info","message":"⌛ Validating interfaz.wlk","timeElapsed":191,"timestamp":"2025-06-21T19:17:33.055Z"}
{"level":"info","message":"⌛ Building environment","timeElapsed":245,"timestamp":"2025-06-21T19:17:33.303Z"}
{"level":"info","message":"⌛ Validating interfaz.wlk","timeElapsed":177,"timestamp":"2025-06-21T19:17:33.495Z"}
{"level":"info","message":"⌛ Building environment","timeElapsed":156,"timestamp":"2025-06-21T19:17:34.102Z"}
{"level":"info","message":"⌛ Validating interfaz.wlk","timeElapsed":175,"timestamp":"2025-06-21T19:17:34.278Z"}
